This is pdfTeX, Version 3.141592653-2.6-1.40.24 (MiKTeX 22.10) (preloaded format=pdflatex 2023.2.10)  23 SEP 2024 22:14
entering extended mode
 restricted \write18 enabled.
 file:line:error style messages enabled.
 %&-line parsing enabled.
**"c:/Users/kamal/OneDrive/PolyTechnique/DESS-MAITRISE/Session 3/MEC6602 - Transonic Aerodynamics/HOMEWORK_1/MEC_6602E_HOMEWORK_1/HOMEWORK_1.tex"
(c:/Users/kamal/OneDrive/PolyTechnique/DESS-MAITRISE/Session 3/MEC6602 - Transonic Aerodynamics/HOMEWORK_1/MEC_6602E_HOMEWORK_1/HOMEWORK_1.tex
LaTeX2e <2022-06-01> patch level 5
L3 programming layer <2022-09-28> (C:\Users\kamal\AppData\Local\Programs\MiKTeX\tex/latex/base\article.cls
Document Class: article 2021/10/04 v1.4n Standard LaTeX document class
(C:\Users\kamal\AppData\Local\Programs\MiKTeX\tex/latex/base\size12.clo
File: size12.clo 2021/10/04 v1.4n Standard LaTeX file (size option)
)
\c@part=\count185
\c@section=\count186
\c@subsection=\count187
\c@subsubsection=\count188
\c@paragraph=\count189
\c@subparagraph=\count190
\c@figure=\count191
\c@table=\count192
\abovecaptionskip=\skip47
\belowcaptionskip=\skip48
\bibindent=\dimen138
) (C:\Users\kamal\AppData\Local\Programs\MiKTeX\tex/latex/graphics\graphicx.sty
Package: graphicx 2021/09/16 v1.2d Enhanced LaTeX Graphics (DPC,SPQR)
 (C:\Users\kamal\AppData\Local\Programs\MiKTeX\tex/latex/graphics\keyval.sty
Package: keyval 2022/05/29 v1.15 key=value parser (DPC)
\KV@toks@=\toks16
) (C:\Users\kamal\AppData\Local\Programs\MiKTeX\tex/latex/graphics\graphics.sty
Package: graphics 2022/03/10 v1.4e Standard LaTeX Graphics (DPC,SPQR)
 (C:\Users\kamal\AppData\Local\Programs\MiKTeX\tex/latex/graphics\trig.sty
Package: trig 2021/08/11 v1.11 sin cos tan (DPC)
) (C:\Users\kamal\AppData\Local\Programs\MiKTeX\tex/latex/graphics-cfg\graphics.cfg
File: graphics.cfg 2016/06/04 v1.11 sample graphics configuration
)
Package graphics Info: Driver file: pdftex.def on input line 107.
 (C:\Users\kamal\AppData\Local\Programs\MiKTeX\tex/latex/graphics-def\pdftex.def
File: pdftex.def 2022/09/22 v1.2b Graphics/color driver for pdftex
\stockwidth=\dimen139
\stockheight=\dimen140
))
\Gin@req@height=\dimen141
\Gin@req@width=\dimen142
) (C:\Users\kamal\AppData\Local\Programs\MiKTeX\tex/latex/geometry\geometry.sty
Package: geometry 2020/01/02 v5.9 Page Geometry
 (C:\Users\kamal\AppData\Local\Programs\MiKTeX\tex/generic/iftex\ifvtex.sty
Package: ifvtex 2019/10/25 v1.7 ifvtex legacy package. Use iftex instead.
 (C:\Users\kamal\AppData\Local\Programs\MiKTeX\tex/generic/iftex\iftex.sty
Package: iftex 2022/02/03 v1.0f TeX engine tests
))
\Gm@cnth=\count193
\Gm@cntv=\count194
\c@Gm@tempcnt=\count195
\Gm@bindingoffset=\dimen143
\Gm@wd@mp=\dimen144
\Gm@odd@mp=\dimen145
\Gm@even@mp=\dimen146
\Gm@layoutwidth=\dimen147
\Gm@layoutheight=\dimen148
\Gm@layouthoffset=\dimen149
\Gm@layoutvoffset=\dimen150
\Gm@dimlist=\toks17
 (C:\Users\kamal\AppData\Local\Programs\MiKTeX\tex/latex/geometry\geometry.cfg)) (C:\Users\kamal\AppData\Local\Programs\MiKTeX\tex/latex/pdfpages\pdfpages.sty
Package: pdfpages 2024/08/20 v0.6b Insert pages of external PDF documents (AM)
 (C:\Users\kamal\AppData\Local\Programs\MiKTeX\tex/latex/base\ifthen.sty
Package: ifthen 2022/04/13 v1.1d Standard LaTeX ifthen package (DPC)
) (C:\Users\kamal\AppData\Local\Programs\MiKTeX\tex/latex/tools\calc.sty
Package: calc 2017/05/25 v4.3 Infix arithmetic (KKT,FJ)
\calc@Acount=\count196
\calc@Bcount=\count197
\calc@Adimen=\dimen151
\calc@Bdimen=\dimen152
\calc@Askip=\skip49
\calc@Bskip=\skip50
LaTeX Info: Redefining \setlength on input line 80.
LaTeX Info: Redefining \addtolength on input line 81.
\calc@Ccount=\count198
\calc@Cskip=\skip51
) (C:\Users\kamal\AppData\Local\Programs\MiKTeX\tex/latex/eso-pic\eso-pic.sty
Package: eso-pic 2023/05/03 v3.0c eso-pic (RN)
\ESO@tempdima=\dimen153
\ESO@tempdimb=\dimen154
 (C:\Users\kamal\AppData\Local\Programs\MiKTeX\tex/latex/xcolor\xcolor.sty
Package: xcolor 2022/06/12 v2.14 LaTeX color extensions (UK)
 (C:\Users\kamal\AppData\Local\Programs\MiKTeX\tex/latex/graphics-cfg\color.cfg
File: color.cfg 2016/01/02 v1.6 sample color configuration
)
Package xcolor Info: Driver file: pdftex.def on input line 227.
 (C:\Users\kamal\AppData\Local\Programs\MiKTeX\tex/latex/graphics\mathcolor.ltx)
Package xcolor Info: Model `cmy' substituted by `cmy0' on input line 1353.
Package xcolor Info: Model `hsb' substituted by `rgb' on input line 1357.
Package xcolor Info: Model `RGB' extended on input line 1369.
Package xcolor Info: Model `HTML' substituted by `rgb' on input line 1371.
Package xcolor Info: Model `Hsb' substituted by `hsb' on input line 1372.
Package xcolor Info: Model `tHsb' substituted by `hsb' on input line 1373.
Package xcolor Info: Model `HSB' substituted by `hsb' on input line 1374.
Package xcolor Info: Model `Gray' substituted by `gray' on input line 1375.
Package xcolor Info: Model `wave' substituted by `hsb' on input line 1376.
))
\AM@pagewidth=\dimen155
\AM@pageheight=\dimen156
\AM@fboxrule=\dimen157
 (C:\Users\kamal\AppData\Local\Programs\MiKTeX\tex/latex/pdfpages\pppdftex.def
File: pppdftex.def 2024/08/20 v0.6b Pdfpages driver for pdfTeX (AM)
)
\pdfpages@includegraphics@status=\count199
\AM@pagebox=\box51
\AM@global@opts=\toks18
\AM@pagecnt=\count266
\AM@toc@title=\toks19
\AM@lof@heading=\toks20
\c@AM@survey=\count267
\AM@templatesizebox=\box52
) (C:\Users\kamal\AppData\Local\Programs\MiKTeX\tex/latex/titlesec\titlesec.sty
Package: titlesec 2023/10/27 v2.16 Sectioning titles
\ttl@box=\box53
\beforetitleunit=\skip52
\aftertitleunit=\skip53
\ttl@plus=\dimen158
\ttl@minus=\dimen159
\ttl@toksa=\toks21
\titlewidth=\dimen160
\titlewidthlast=\dimen161
\titlewidthfirst=\dimen162
) (C:\Users\kamal\AppData\Local\Programs\MiKTeX\tex/latex/oberdiek\centernot.sty
Package: centernot 2016/05/16 v1.4 Centers the not symbol horizontally (HO)
) (C:\Users\kamal\AppData\Local\Programs\MiKTeX\tex/latex/fancyhdr\fancyhdr.sty
Package: fancyhdr 2024/07/23 v4.3.1 Extensive control of page headers and footers
\f@nch@headwidth=\skip54
\f@nch@O@elh=\skip55
\f@nch@O@erh=\skip56
\f@nch@O@olh=\skip57
\f@nch@O@orh=\skip58
\f@nch@O@elf=\skip59
\f@nch@O@erf=\skip60
\f@nch@O@olf=\skip61
\f@nch@O@orf=\skip62
) (C:\Users\kamal\AppData\Local\Programs\MiKTeX\tex/latex/hyperref\hyperref.sty
Package: hyperref 2022-09-22 v7.00t Hypertext links for LaTeX
 (C:\Users\kamal\AppData\Local\Programs\MiKTeX\tex/generic/ltxcmds\ltxcmds.sty
Package: ltxcmds 2020-05-10 v1.25 LaTeX kernel commands for general use (HO)
) (C:\Users\kamal\AppData\Local\Programs\MiKTeX\tex/generic/pdftexcmds\pdftexcmds.sty
Package: pdftexcmds 2020-06-27 v0.33 Utility functions of pdfTeX for LuaTeX (HO)
 (C:\Users\kamal\AppData\Local\Programs\MiKTeX\tex/generic/infwarerr\infwarerr.sty
Package: infwarerr 2019/12/03 v1.5 Providing info/warning/error messages (HO)
)
Package pdftexcmds Info: \pdf@primitive is available.
Package pdftexcmds Info: \pdf@ifprimitive is available.
Package pdftexcmds Info: \pdfdraftmode found.
) (C:\Users\kamal\AppData\Local\Programs\MiKTeX\tex/latex/kvsetkeys\kvsetkeys.sty
Package: kvsetkeys 2022-10-05 v1.19 Key value parser (HO)
) (C:\Users\kamal\AppData\Local\Programs\MiKTeX\tex/generic/kvdefinekeys\kvdefinekeys.sty
Package: kvdefinekeys 2019-12-19 v1.6 Define keys (HO)
) (C:\Users\kamal\AppData\Local\Programs\MiKTeX\tex/generic/pdfescape\pdfescape.sty
Package: pdfescape 2019/12/09 v1.15 Implements pdfTeX's escape features (HO)
) (C:\Users\kamal\AppData\Local\Programs\MiKTeX\tex/latex/hycolor\hycolor.sty
Package: hycolor 2020-01-27 v1.10 Color options for hyperref/bookmark (HO)
) (C:\Users\kamal\AppData\Local\Programs\MiKTeX\tex/latex/letltxmacro\letltxmacro.sty
Package: letltxmacro 2019/12/03 v1.6 Let assignment for LaTeX macros (HO)
) (C:\Users\kamal\AppData\Local\Programs\MiKTeX\tex/latex/auxhook\auxhook.sty
Package: auxhook 2019-12-17 v1.6 Hooks for auxiliary files (HO)
) (C:\Users\kamal\AppData\Local\Programs\MiKTeX\tex/latex/hyperref\nameref.sty
Package: nameref 2022-05-17 v2.50 Cross-referencing by name of section
 (C:\Users\kamal\AppData\Local\Programs\MiKTeX\tex/latex/refcount\refcount.sty
Package: refcount 2019/12/15 v3.6 Data extraction from label references (HO)
) (C:\Users\kamal\AppData\Local\Programs\MiKTeX\tex/generic/gettitlestring\gettitlestring.sty
Package: gettitlestring 2019/12/15 v1.6 Cleanup title references (HO)
 (C:\Users\kamal\AppData\Local\Programs\MiKTeX\tex/latex/kvoptions\kvoptions.sty
Package: kvoptions 2022-06-15 v3.15 Key value format for package options (HO)
))
\c@section@level=\count268
)
\@linkdim=\dimen163
\Hy@linkcounter=\count269
\Hy@pagecounter=\count270
 (C:\Users\kamal\AppData\Local\Programs\MiKTeX\tex/latex/hyperref\pd1enc.def
File: pd1enc.def 2022-09-22 v7.00t Hyperref: PDFDocEncoding definition (HO)
Now handling font encoding PD1 ...
... no UTF-8 mapping file for font encoding PD1
) (C:\Users\kamal\AppData\Local\Programs\MiKTeX\tex/generic/intcalc\intcalc.sty
Package: intcalc 2019/12/15 v1.3 Expandable calculations with integers (HO)
) (C:\Users\kamal\AppData\Local\Programs\MiKTeX\tex/generic/etexcmds\etexcmds.sty
Package: etexcmds 2019/12/15 v1.7 Avoid name clashes with e-TeX commands (HO)
)
\Hy@SavedSpaceFactor=\count271
 (C:\Users\kamal\AppData\Local\Programs\MiKTeX\tex/latex/hyperref\puenc.def
File: puenc.def 2022-09-22 v7.00t Hyperref: PDF Unicode definition (HO)
Now handling font encoding PU ...
... no UTF-8 mapping file for font encoding PU
)
Package hyperref Info: Hyper figures OFF on input line 4162.
Package hyperref Info: Link nesting OFF on input line 4167.
Package hyperref Info: Hyper index ON on input line 4170.
Package hyperref Info: Plain pages OFF on input line 4177.
Package hyperref Info: Backreferencing OFF on input line 4182.
Package hyperref Info: Implicit mode ON; LaTeX internals redefined.
Package hyperref Info: Bookmarks ON on input line 4410.
\c@Hy@tempcnt=\count272
 (C:\Users\kamal\AppData\Local\Programs\MiKTeX\tex/latex/url\url.sty
\Urlmuskip=\muskip16
Package: url 2013/09/16  ver 3.4  Verb mode for urls, etc.
)
LaTeX Info: Redefining \url on input line 4748.
\XeTeXLinkMargin=\dimen164
 (C:\Users\kamal\AppData\Local\Programs\MiKTeX\tex/generic/bitset\bitset.sty
Package: bitset 2019/12/09 v1.3 Handle bit-vector datatype (HO)
 (C:\Users\kamal\AppData\Local\Programs\MiKTeX\tex/generic/bigintcalc\bigintcalc.sty
Package: bigintcalc 2019/12/15 v1.5 Expandable calculations on big integers (HO)
))
\Fld@menulength=\count273
\Field@Width=\dimen165
\Fld@charsize=\dimen166
Package hyperref Info: Hyper figures OFF on input line 6027.
Package hyperref Info: Link nesting OFF on input line 6032.
Package hyperref Info: Hyper index ON on input line 6035.
Package hyperref Info: backreferencing OFF on input line 6042.
Package hyperref Info: Link coloring OFF on input line 6047.
Package hyperref Info: Link coloring with OCG OFF on input line 6052.
Package hyperref Info: PDF/A mode OFF on input line 6057.
 (C:\Users\kamal\AppData\Local\Programs\MiKTeX\tex/latex/base\atbegshi-ltx.sty
Package: atbegshi-ltx 2021/01/10 v1.0c Emulation of the original atbegshi
package with kernel methods
)
\Hy@abspage=\count274
\c@Item=\count275
\c@Hfootnote=\count276
)
Package hyperref Info: Driver (autodetected): hpdftex.
 (C:\Users\kamal\AppData\Local\Programs\MiKTeX\tex/latex/hyperref\hpdftex.def
File: hpdftex.def 2022-09-22 v7.00t Hyperref driver for pdfTeX
 (C:\Users\kamal\AppData\Local\Programs\MiKTeX\tex/latex/base\atveryend-ltx.sty
Package: atveryend-ltx 2020/08/19 v1.0a Emulation of the original atveryend package
with kernel methods
)
\Fld@listcount=\count277
\c@bookmark@seq@number=\count278
 (C:\Users\kamal\AppData\Local\Programs\MiKTeX\tex/latex/rerunfilecheck\rerunfilecheck.sty
Package: rerunfilecheck 2022-07-10 v1.10 Rerun checks for auxiliary files (HO)
 (C:\Users\kamal\AppData\Local\Programs\MiKTeX\tex/generic/uniquecounter\uniquecounter.sty
Package: uniquecounter 2019/12/15 v1.4 Provide unlimited unique counter (HO)
)
Package uniquecounter Info: New unique counter `rerunfilecheck' on input line 285.
)
\Hy@SectionHShift=\skip63
) (C:\Users\kamal\AppData\Local\Programs\MiKTeX\tex/latex/l3backend\l3backend-pdftex.def
File: l3backend-pdftex.def 2022-09-28 L3 backend support: PDF output (pdfTeX)
\l__color_backend_stack_int=\count279
\l__pdf_internal_box=\box54
) (HOMEWORK_1.aux)
\openout1 = `HOMEWORK_1.aux'.

LaTeX Font Info:    Checking defaults for OML/cmm/m/it on input line 17.
LaTeX Font Info:    ... okay on input line 17.
LaTeX Font Info:    Checking defaults for OMS/cmsy/m/n on input line 17.
LaTeX Font Info:    ... okay on input line 17.
LaTeX Font Info:    Checking defaults for OT1/cmr/m/n on input line 17.
LaTeX Font Info:    ... okay on input line 17.
LaTeX Font Info:    Checking defaults for T1/cmr/m/n on input line 17.
LaTeX Font Info:    ... okay on input line 17.
LaTeX Font Info:    Checking defaults for TS1/cmr/m/n on input line 17.
LaTeX Font Info:    ... okay on input line 17.
LaTeX Font Info:    Checking defaults for OMX/cmex/m/n on input line 17.
LaTeX Font Info:    ... okay on input line 17.
LaTeX Font Info:    Checking defaults for U/cmr/m/n on input line 17.
LaTeX Font Info:    ... okay on input line 17.
LaTeX Font Info:    Checking defaults for PD1/pdf/m/n on input line 17.
LaTeX Font Info:    ... okay on input line 17.
LaTeX Font Info:    Checking defaults for PU/pdf/m/n on input line 17.
LaTeX Font Info:    ... okay on input line 17.
 (C:\Users\kamal\AppData\Local\Programs\MiKTeX\tex/context/base/mkii\supp-pdf.mkii
[Loading MPS to PDF converter (version 2006.09.02).]
\scratchcounter=\count280
\scratchdimen=\dimen167
\scratchbox=\box55
\nofMPsegments=\count281
\nofMParguments=\count282
\everyMPshowfont=\toks22
\MPscratchCnt=\count283
\MPscratchDim=\dimen168
\MPnumerator=\count284
\makeMPintoPDFobject=\count285
\everyMPtoPDFconversion=\toks23
) (C:\Users\kamal\AppData\Local\Programs\MiKTeX\tex/latex/epstopdf-pkg\epstopdf-base.sty
Package: epstopdf-base 2020-01-24 v2.11 Base part for package epstopdf
Package epstopdf-base Info: Redefining graphics rule for `.eps' on input line 485.
 (C:\Users\kamal\AppData\Local\Programs\MiKTeX\tex/latex/00miktex\epstopdf-sys.cfg
File: epstopdf-sys.cfg 2021/03/18 v2.0 Configuration of epstopdf for MiKTeX
))
*geometry* driver: auto-detecting
*geometry* detected driver: pdftex
*geometry* verbose mode - [ preamble ] result:
* driver: pdftex
* paper: a4paper
* layout: <same size as paper>
* layoutoffset:(h,v)=(0.0pt,0.0pt)
* modes: 
* h-part:(L,W,R)=(56.9055pt, 483.69684pt, 56.90553pt)
* v-part:(T,H,B)=(56.9055pt, 731.23582pt, 56.90552pt)
* \paperwidth=597.50787pt
* \paperheight=845.04684pt
* \textwidth=483.69684pt
* \textheight=731.23582pt
* \oddsidemargin=-15.36449pt
* \evensidemargin=-15.36449pt
* \topmargin=-52.36449pt
* \headheight=12.0pt
* \headsep=25.0pt
* \topskip=12.0pt
* \footskip=30.0pt
* \marginparwidth=44.0pt
* \marginparsep=10.0pt
* \columnsep=10.0pt
* \skip\footins=10.8pt plus 4.0pt minus 2.0pt
* \hoffset=0.0pt
* \voffset=0.0pt
* \mag=1000
* \@twocolumnfalse
* \@twosidefalse
* \@mparswitchfalse
* \@reversemarginfalse
* (1in=72.27pt=25.4mm, 1cm=28.453pt)

(C:\Users\kamal\AppData\Local\Programs\MiKTeX\tex/latex/pdflscape\pdflscape.sty
Package: pdflscape 2022-10-27 v0.13 Display of landscape pages in PDF
 (C:\Users\kamal\AppData\Local\Programs\MiKTeX\tex/latex/pdflscape\pdflscape-nometadata.sty
Package: pdflscape-nometadata 2022-10-28 v0.13 Display of landscape pages in PDF (HO)
 (C:\Users\kamal\AppData\Local\Programs\MiKTeX\tex/latex/graphics\lscape.sty
Package: lscape 2020/05/28 v3.02 Landscape Pages (DPC)
)
Package pdflscape Info: Auto-detected driver: pdftex on input line 81.
))
Package hyperref Info: Link coloring OFF on input line 17.
 (HOMEWORK_1.out) (HOMEWORK_1.out)
\@outlinefile=\write3
\openout3 = `HOMEWORK_1.out'.

<polytechnique-signature-rgb-gauche-fr.png, id=19, 185.69376pt x 76.285pt>
File: polytechnique-signature-rgb-gauche-fr.png Graphic file (type png)
<use polytechnique-signature-rgb-gauche-fr.png>
Package pdftex.def Info: polytechnique-signature-rgb-gauche-fr.png  used on input line 39.
(pdftex.def)             Requested size: 120.92421pt x 49.67776pt.
 [1

{C:/Users/kamal/AppData/Local/MiKTeX/fonts/map/pdftex/pdftex.map} <./polytechnique-signature-rgb-gauche-fr.png>]
LaTeX Font Info:    External font `cmex10' loaded for size
(Font)              <12> on input line 48.
LaTeX Font Info:    External font `cmex10' loaded for size
(Font)              <8> on input line 48.
LaTeX Font Info:    External font `cmex10' loaded for size
(Font)              <6> on input line 48.

Underfull \hbox (badness 10000) in paragraph at lines 57--58

 []


Underfull \hbox (badness 10000) in paragraph at lines 72--73

 []


Underfull \hbox (badness 10000) in paragraph at lines 86--87

 []


Underfull \hbox (badness 10000) in paragraph at lines 99--100

 []


pdfTeX warning (ext4): destination with the same identifier (name{page.1}) has been already used, duplicate ignored
<to be read again> 
                   \relax 
l.100 \end{itemize}
                    [1]
Underfull \hbox (badness 10000) in paragraph at lines 112--113

 []


Underfull \hbox (badness 10000) in paragraph at lines 126--127

 []


Underfull \hbox (badness 10000) in paragraph at lines 139--140

 []


Underfull \hbox (badness 10000) in paragraph at lines 147--148

 []

[2]
Underfull \hbox (badness 10000) in paragraph at lines 155--156

 []


Underfull \hbox (badness 10000) in paragraph at lines 163--164

 []


Underfull \hbox (badness 10000) in paragraph at lines 186--187

 []

[3]

pdfTeX warning: pdflatex (file ./Numerical analysis comments.pdf): PDF inclusion: found PDF version <1.7>, but at most version <1.5> allowed
<Numerical analysis comments.pdf, id=58, 614.295pt x 794.97pt>
File: Numerical analysis comments.pdf Graphic file (type pdf)
<use Numerical analysis comments.pdf>
Package pdftex.def Info: Numerical analysis comments.pdf  used on input line 195.
(pdftex.def)             Requested size: 614.29349pt x 794.96806pt.


pdfTeX warning: pdflatex (file ./Numerical analysis comments.pdf): PDF inclusion: found PDF version <1.7>, but at most version <1.5> allowed
File: Numerical analysis comments.pdf Graphic file (type pdf)
<use Numerical analysis comments.pdf>
Package pdftex.def Info: Numerical analysis comments.pdf  used on input line 195.
(pdftex.def)             Requested size: 614.29349pt x 794.96806pt.


pdfTeX warning: pdflatex (file ./Numerical analysis comments.pdf): PDF inclusion: found PDF version <1.7>, but at most version <1.5> allowed


pdfTeX warning: pdflatex (file ./Numerical analysis comments.pdf): PDF inclusion: found PDF version <1.7>, but at most version <1.5> allowed
<Numerical analysis comments.pdf, id=61, page=1, 614.295pt x 794.97pt>
File: Numerical analysis comments.pdf Graphic file (type pdf)
<use Numerical analysis comments.pdf, page 1>
Package pdftex.def Info: Numerical analysis comments.pdf , page1 used on input line 195.
(pdftex.def)             Requested size: 614.29349pt x 794.96806pt.
File: Numerical analysis comments.pdf Graphic file (type pdf)
<use Numerical analysis comments.pdf, page 1>
Package pdftex.def Info: Numerical analysis comments.pdf , page1 used on input line 195.
(pdftex.def)             Requested size: 597.78697pt x 773.60669pt.
[4]
File: Numerical analysis comments.pdf Graphic file (type pdf)
<use Numerical analysis comments.pdf, page 1>
Package pdftex.def Info: Numerical analysis comments.pdf , page1 used on input line 195.
(pdftex.def)             Requested size: 597.78697pt x 773.60669pt.
File: Numerical analysis comments.pdf Graphic file (type pdf)
<use Numerical analysis comments.pdf, page 1>
Package pdftex.def Info: Numerical analysis comments.pdf , page1 used on input line 195.
(pdftex.def)             Requested size: 597.78697pt x 773.60669pt.
File: Numerical analysis comments.pdf Graphic file (type pdf)
<use Numerical analysis comments.pdf, page 1>
Package pdftex.def Info: Numerical analysis comments.pdf , page1 used on input line 195.
(pdftex.def)             Requested size: 597.78697pt x 773.60669pt.
 [5

 <./Numerical analysis comments.pdf>]

pdfTeX warning: pdflatex (file ./Numerical analysis comments.pdf): PDF inclusion: found PDF version <1.7>, but at most version <1.5> allowed
<Numerical analysis comments.pdf, id=81, page=2, 614.295pt x 794.97pt>
File: Numerical analysis comments.pdf Graphic file (type pdf)
<use Numerical analysis comments.pdf, page 2>
Package pdftex.def Info: Numerical analysis comments.pdf , page2 used on input line 195.
(pdftex.def)             Requested size: 597.78697pt x 773.60669pt.
File: Numerical analysis comments.pdf Graphic file (type pdf)
<use Numerical analysis comments.pdf, page 2>
Package pdftex.def Info: Numerical analysis comments.pdf , page2 used on input line 195.
(pdftex.def)             Requested size: 597.78697pt x 773.60669pt.
File: Numerical analysis comments.pdf Graphic file (type pdf)
<use Numerical analysis comments.pdf, page 2>
Package pdftex.def Info: Numerical analysis comments.pdf , page2 used on input line 195.
(pdftex.def)             Requested size: 597.78697pt x 773.60669pt.
[6

 <./Numerical analysis comments.pdf>]

pdfTeX warning: pdflatex (file ./Numerical analysis comments.pdf): PDF inclusion: found PDF version <1.7>, but at most version <1.5> allowed
<Numerical analysis comments.pdf, id=97, page=3, 614.295pt x 794.97pt>
File: Numerical analysis comments.pdf Graphic file (type pdf)
<use Numerical analysis comments.pdf, page 3>
Package pdftex.def Info: Numerical analysis comments.pdf , page3 used on input line 195.
(pdftex.def)             Requested size: 597.78697pt x 773.60669pt.
File: Numerical analysis comments.pdf Graphic file (type pdf)
<use Numerical analysis comments.pdf, page 3>
Package pdftex.def Info: Numerical analysis comments.pdf , page3 used on input line 195.
(pdftex.def)             Requested size: 597.78697pt x 773.60669pt.
File: Numerical analysis comments.pdf Graphic file (type pdf)
<use Numerical analysis comments.pdf, page 3>
Package pdftex.def Info: Numerical analysis comments.pdf , page3 used on input line 195.
(pdftex.def)             Requested size: 597.78697pt x 773.60669pt.
[7

 <./Numerical analysis comments.pdf>]

pdfTeX warning: pdflatex (file ./Numerical analysis comments.pdf): PDF inclusion: found PDF version <1.7>, but at most version <1.5> allowed
<Numerical analysis comments.pdf, id=105, page=4, 614.295pt x 794.97pt>
File: Numerical analysis comments.pdf Graphic file (type pdf)
<use Numerical analysis comments.pdf, page 4>
Package pdftex.def Info: Numerical analysis comments.pdf , page4 used on input line 195.
(pdftex.def)             Requested size: 597.78697pt x 773.60669pt.
File: Numerical analysis comments.pdf Graphic file (type pdf)
<use Numerical analysis comments.pdf, page 4>
Package pdftex.def Info: Numerical analysis comments.pdf , page4 used on input line 195.
(pdftex.def)             Requested size: 597.78697pt x 773.60669pt.
File: Numerical analysis comments.pdf Graphic file (type pdf)
<use Numerical analysis comments.pdf, page 4>
Package pdftex.def Info: Numerical analysis comments.pdf , page4 used on input line 195.
(pdftex.def)             Requested size: 597.78697pt x 773.60669pt.
[8

 <./Numerical analysis comments.pdf>]

pdfTeX warning: pdflatex (file ./Numerical analysis comments.pdf): PDF inclusion: found PDF version <1.7>, but at most version <1.5> allowed
<Numerical analysis comments.pdf, id=113, page=5, 614.295pt x 794.97pt>
File: Numerical analysis comments.pdf Graphic file (type pdf)
<use Numerical analysis comments.pdf, page 5>
Package pdftex.def Info: Numerical analysis comments.pdf , page5 used on input line 195.
(pdftex.def)             Requested size: 597.78697pt x 773.60669pt.
File: Numerical analysis comments.pdf Graphic file (type pdf)
<use Numerical analysis comments.pdf, page 5>
Package pdftex.def Info: Numerical analysis comments.pdf , page5 used on input line 195.
(pdftex.def)             Requested size: 597.78697pt x 773.60669pt.
File: Numerical analysis comments.pdf Graphic file (type pdf)
<use Numerical analysis comments.pdf, page 5>
Package pdftex.def Info: Numerical analysis comments.pdf , page5 used on input line 195.
(pdftex.def)             Requested size: 597.78697pt x 773.60669pt.
[9

 <./Numerical analysis comments.pdf>]

pdfTeX warning: pdflatex (file ./Numerical analysis comments.pdf): PDF inclusion: found PDF version <1.7>, but at most version <1.5> allowed
<Numerical analysis comments.pdf, id=121, page=6, 614.295pt x 794.97pt>
File: Numerical analysis comments.pdf Graphic file (type pdf)
<use Numerical analysis comments.pdf, page 6>
Package pdftex.def Info: Numerical analysis comments.pdf , page6 used on input line 195.
(pdftex.def)             Requested size: 597.78697pt x 773.60669pt.
File: Numerical analysis comments.pdf Graphic file (type pdf)
<use Numerical analysis comments.pdf, page 6>
Package pdftex.def Info: Numerical analysis comments.pdf , page6 used on input line 195.
(pdftex.def)             Requested size: 597.78697pt x 773.60669pt.
File: Numerical analysis comments.pdf Graphic file (type pdf)
<use Numerical analysis comments.pdf, page 6>
Package pdftex.def Info: Numerical analysis comments.pdf , page6 used on input line 195.
(pdftex.def)             Requested size: 597.78697pt x 773.60669pt.
[10

 <./Numerical analysis comments.pdf>]

pdfTeX warning: pdflatex (file ./Numerical analysis comments.pdf): PDF inclusion: found PDF version <1.7>, but at most version <1.5> allowed
<Numerical analysis comments.pdf, id=129, page=7, 614.295pt x 794.97pt>
File: Numerical analysis comments.pdf Graphic file (type pdf)
<use Numerical analysis comments.pdf, page 7>
Package pdftex.def Info: Numerical analysis comments.pdf , page7 used on input line 195.
(pdftex.def)             Requested size: 597.78697pt x 773.60669pt.
File: Numerical analysis comments.pdf Graphic file (type pdf)
<use Numerical analysis comments.pdf, page 7>
Package pdftex.def Info: Numerical analysis comments.pdf , page7 used on input line 195.
(pdftex.def)             Requested size: 597.78697pt x 773.60669pt.
File: Numerical analysis comments.pdf Graphic file (type pdf)
<use Numerical analysis comments.pdf, page 7>
Package pdftex.def Info: Numerical analysis comments.pdf , page7 used on input line 195.
(pdftex.def)             Requested size: 597.78697pt x 773.60669pt.
[11

 <./Numerical analysis comments.pdf>]

pdfTeX warning: pdflatex (file ./question 1a lite.pdf): PDF inclusion: found PDF version <1.7>, but at most version <1.5> allowed
<question 1a lite.pdf, id=136, 614.295pt x 794.97pt>
File: question 1a lite.pdf Graphic file (type pdf)
<use question 1a lite.pdf>
Package pdftex.def Info: question 1a lite.pdf  used on input line 203.
(pdftex.def)             Requested size: 614.29349pt x 794.96806pt.


pdfTeX warning: pdflatex (file ./question 1a lite.pdf): PDF inclusion: found PDF version <1.7>, but at most version <1.5> allowed
File: question 1a lite.pdf Graphic file (type pdf)
<use question 1a lite.pdf>
Package pdftex.def Info: question 1a lite.pdf  used on input line 203.
(pdftex.def)             Requested size: 614.29349pt x 794.96806pt.


pdfTeX warning: pdflatex (file ./question 1a lite.pdf): PDF inclusion: found PDF version <1.7>, but at most version <1.5> allowed


pdfTeX warning: pdflatex (file ./question 1a lite.pdf): PDF inclusion: found PDF version <1.7>, but at most version <1.5> allowed
<question 1a lite.pdf, id=139, page=1, 614.295pt x 794.97pt>
File: question 1a lite.pdf Graphic file (type pdf)
<use question 1a lite.pdf, page 1>
Package pdftex.def Info: question 1a lite.pdf , page1 used on input line 203.
(pdftex.def)             Requested size: 614.29349pt x 794.96806pt.
File: question 1a lite.pdf Graphic file (type pdf)
<use question 1a lite.pdf, page 1>
Package pdftex.def Info: question 1a lite.pdf , page1 used on input line 203.
(pdftex.def)             Requested size: 597.78697pt x 773.60669pt.
[12]
File: question 1a lite.pdf Graphic file (type pdf)
<use question 1a lite.pdf, page 1>
Package pdftex.def Info: question 1a lite.pdf , page1 used on input line 203.
(pdftex.def)             Requested size: 597.78697pt x 773.60669pt.
File: question 1a lite.pdf Graphic file (type pdf)
<use question 1a lite.pdf, page 1>
Package pdftex.def Info: question 1a lite.pdf , page1 used on input line 203.
(pdftex.def)             Requested size: 597.78697pt x 773.60669pt.
File: question 1a lite.pdf Graphic file (type pdf)
<use question 1a lite.pdf, page 1>
Package pdftex.def Info: question 1a lite.pdf , page1 used on input line 203.
(pdftex.def)             Requested size: 597.78697pt x 773.60669pt.
 [13

 <./question 1a lite.pdf>]

pdfTeX warning: pdflatex (file ./question 1a lite.pdf): PDF inclusion: found PDF version <1.7>, but at most version <1.5> allowed
<question 1a lite.pdf, id=150, page=2, 614.295pt x 794.97pt>
File: question 1a lite.pdf Graphic file (type pdf)
<use question 1a lite.pdf, page 2>
Package pdftex.def Info: question 1a lite.pdf , page2 used on input line 203.
(pdftex.def)             Requested size: 597.78697pt x 773.60669pt.
File: question 1a lite.pdf Graphic file (type pdf)
<use question 1a lite.pdf, page 2>
Package pdftex.def Info: question 1a lite.pdf , page2 used on input line 203.
(pdftex.def)             Requested size: 597.78697pt x 773.60669pt.
File: question 1a lite.pdf Graphic file (type pdf)
<use question 1a lite.pdf, page 2>
Package pdftex.def Info: question 1a lite.pdf , page2 used on input line 203.
(pdftex.def)             Requested size: 597.78697pt x 773.60669pt.
[14

 <./question 1a lite.pdf>]

pdfTeX warning: pdflatex (file ./question 1a lite.pdf): PDF inclusion: found PDF version <1.7>, but at most version <1.5> allowed
<question 1a lite.pdf, id=158, page=3, 614.295pt x 794.97pt>
File: question 1a lite.pdf Graphic file (type pdf)
<use question 1a lite.pdf, page 3>
Package pdftex.def Info: question 1a lite.pdf , page3 used on input line 203.
(pdftex.def)             Requested size: 597.78697pt x 773.60669pt.
File: question 1a lite.pdf Graphic file (type pdf)
<use question 1a lite.pdf, page 3>
Package pdftex.def Info: question 1a lite.pdf , page3 used on input line 203.
(pdftex.def)             Requested size: 597.78697pt x 773.60669pt.
File: question 1a lite.pdf Graphic file (type pdf)
<use question 1a lite.pdf, page 3>
Package pdftex.def Info: question 1a lite.pdf , page3 used on input line 203.
(pdftex.def)             Requested size: 597.78697pt x 773.60669pt.
[15

 <./question 1a lite.pdf>]

pdfTeX warning: pdflatex (file ./question 1a lite.pdf): PDF inclusion: found PDF version <1.7>, but at most version <1.5> allowed
<question 1a lite.pdf, id=163, page=4, 614.295pt x 794.97pt>
File: question 1a lite.pdf Graphic file (type pdf)
<use question 1a lite.pdf, page 4>
Package pdftex.def Info: question 1a lite.pdf , page4 used on input line 203.
(pdftex.def)             Requested size: 597.78697pt x 773.60669pt.
File: question 1a lite.pdf Graphic file (type pdf)
<use question 1a lite.pdf, page 4>
Package pdftex.def Info: question 1a lite.pdf , page4 used on input line 203.
(pdftex.def)             Requested size: 597.78697pt x 773.60669pt.
File: question 1a lite.pdf Graphic file (type pdf)
<use question 1a lite.pdf, page 4>
Package pdftex.def Info: question 1a lite.pdf , page4 used on input line 203.
(pdftex.def)             Requested size: 597.78697pt x 773.60669pt.
[16

 <./question 1a lite.pdf>]

pdfTeX warning: pdflatex (file ./question 1c lite.pdf): PDF inclusion: found PDF version <1.7>, but at most version <1.5> allowed
<question 1c lite.pdf, id=168, 614.295pt x 794.97pt>
File: question 1c lite.pdf Graphic file (type pdf)
<use question 1c lite.pdf>
Package pdftex.def Info: question 1c lite.pdf  used on input line 204.
(pdftex.def)             Requested size: 614.29349pt x 794.96806pt.


pdfTeX warning: pdflatex (file ./question 1c lite.pdf): PDF inclusion: found PDF version <1.7>, but at most version <1.5> allowed
File: question 1c lite.pdf Graphic file (type pdf)
<use question 1c lite.pdf>
Package pdftex.def Info: question 1c lite.pdf  used on input line 204.
(pdftex.def)             Requested size: 614.29349pt x 794.96806pt.


pdfTeX warning: pdflatex (file ./question 1c lite.pdf): PDF inclusion: found PDF version <1.7>, but at most version <1.5> allowed


pdfTeX warning: pdflatex (file ./question 1c lite.pdf): PDF inclusion: found PDF version <1.7>, but at most version <1.5> allowed
<question 1c lite.pdf, id=171, page=1, 614.295pt x 794.97pt>
File: question 1c lite.pdf Graphic file (type pdf)
<use question 1c lite.pdf, page 1>
Package pdftex.def Info: question 1c lite.pdf , page1 used on input line 204.
(pdftex.def)             Requested size: 614.29349pt x 794.96806pt.
File: question 1c lite.pdf Graphic file (type pdf)
<use question 1c lite.pdf, page 1>
Package pdftex.def Info: question 1c lite.pdf , page1 used on input line 204.
(pdftex.def)             Requested size: 597.78697pt x 773.60669pt.
File: question 1c lite.pdf Graphic file (type pdf)
<use question 1c lite.pdf, page 1>
Package pdftex.def Info: question 1c lite.pdf , page1 used on input line 204.
(pdftex.def)             Requested size: 597.78697pt x 773.60669pt.
File: question 1c lite.pdf Graphic file (type pdf)
<use question 1c lite.pdf, page 1>
Package pdftex.def Info: question 1c lite.pdf , page1 used on input line 204.
(pdftex.def)             Requested size: 597.78697pt x 773.60669pt.
File: question 1c lite.pdf Graphic file (type pdf)
<use question 1c lite.pdf, page 1>
Package pdftex.def Info: question 1c lite.pdf , page1 used on input line 204.
(pdftex.def)             Requested size: 597.78697pt x 773.60669pt.
[17

 <./question 1c lite.pdf>]

pdfTeX warning: pdflatex (file ./question 1c lite.pdf): PDF inclusion: found PDF version <1.7>, but at most version <1.5> allowed
<question 1c lite.pdf, id=178, page=2, 614.295pt x 794.97pt>
File: question 1c lite.pdf Graphic file (type pdf)
<use question 1c lite.pdf, page 2>
Package pdftex.def Info: question 1c lite.pdf , page2 used on input line 204.
(pdftex.def)             Requested size: 597.78697pt x 773.60669pt.
File: question 1c lite.pdf Graphic file (type pdf)
<use question 1c lite.pdf, page 2>
Package pdftex.def Info: question 1c lite.pdf , page2 used on input line 204.
(pdftex.def)             Requested size: 597.78697pt x 773.60669pt.
File: question 1c lite.pdf Graphic file (type pdf)
<use question 1c lite.pdf, page 2>
Package pdftex.def Info: question 1c lite.pdf , page2 used on input line 204.
(pdftex.def)             Requested size: 597.78697pt x 773.60669pt.
[18

 <./question 1c lite.pdf>]

pdfTeX warning: pdflatex (file ./question 1c lite.pdf): PDF inclusion: found PDF version <1.7>, but at most version <1.5> allowed
<question 1c lite.pdf, id=185, page=3, 614.295pt x 794.97pt>
File: question 1c lite.pdf Graphic file (type pdf)
<use question 1c lite.pdf, page 3>
Package pdftex.def Info: question 1c lite.pdf , page3 used on input line 204.
(pdftex.def)             Requested size: 597.78697pt x 773.60669pt.
File: question 1c lite.pdf Graphic file (type pdf)
<use question 1c lite.pdf, page 3>
Package pdftex.def Info: question 1c lite.pdf , page3 used on input line 204.
(pdftex.def)             Requested size: 597.78697pt x 773.60669pt.
File: question 1c lite.pdf Graphic file (type pdf)
<use question 1c lite.pdf, page 3>
Package pdftex.def Info: question 1c lite.pdf , page3 used on input line 204.
(pdftex.def)             Requested size: 597.78697pt x 773.60669pt.
[19

 <./question 1c lite.pdf>]

pdfTeX warning: pdflatex (file ./question 1c lite.pdf): PDF inclusion: found PDF version <1.7>, but at most version <1.5> allowed
<question 1c lite.pdf, id=191, page=4, 614.295pt x 794.97pt>
File: question 1c lite.pdf Graphic file (type pdf)
<use question 1c lite.pdf, page 4>
Package pdftex.def Info: question 1c lite.pdf , page4 used on input line 204.
(pdftex.def)             Requested size: 597.78697pt x 773.60669pt.
File: question 1c lite.pdf Graphic file (type pdf)
<use question 1c lite.pdf, page 4>
Package pdftex.def Info: question 1c lite.pdf , page4 used on input line 204.
(pdftex.def)             Requested size: 597.78697pt x 773.60669pt.
File: question 1c lite.pdf Graphic file (type pdf)
<use question 1c lite.pdf, page 4>
Package pdftex.def Info: question 1c lite.pdf , page4 used on input line 204.
(pdftex.def)             Requested size: 597.78697pt x 773.60669pt.
[20

 <./question 1c lite.pdf>]

pdfTeX warning: pdflatex (file ./question 1e lite.pdf): PDF inclusion: found PDF version <1.7>, but at most version <1.5> allowed
<question 1e lite.pdf, id=197, 614.295pt x 794.97pt>
File: question 1e lite.pdf Graphic file (type pdf)
<use question 1e lite.pdf>
Package pdftex.def Info: question 1e lite.pdf  used on input line 205.
(pdftex.def)             Requested size: 614.29349pt x 794.96806pt.


pdfTeX warning: pdflatex (file ./question 1e lite.pdf): PDF inclusion: found PDF version <1.7>, but at most version <1.5> allowed
File: question 1e lite.pdf Graphic file (type pdf)
<use question 1e lite.pdf>
Package pdftex.def Info: question 1e lite.pdf  used on input line 205.
(pdftex.def)             Requested size: 614.29349pt x 794.96806pt.


pdfTeX warning: pdflatex (file ./question 1e lite.pdf): PDF inclusion: found PDF version <1.7>, but at most version <1.5> allowed


pdfTeX warning: pdflatex (file ./question 1e lite.pdf): PDF inclusion: found PDF version <1.7>, but at most version <1.5> allowed
<question 1e lite.pdf, id=200, page=1, 614.295pt x 794.97pt>
File: question 1e lite.pdf Graphic file (type pdf)
<use question 1e lite.pdf, page 1>
Package pdftex.def Info: question 1e lite.pdf , page1 used on input line 205.
(pdftex.def)             Requested size: 614.29349pt x 794.96806pt.
File: question 1e lite.pdf Graphic file (type pdf)
<use question 1e lite.pdf, page 1>
Package pdftex.def Info: question 1e lite.pdf , page1 used on input line 205.
(pdftex.def)             Requested size: 597.78697pt x 773.60669pt.
File: question 1e lite.pdf Graphic file (type pdf)
<use question 1e lite.pdf, page 1>
Package pdftex.def Info: question 1e lite.pdf , page1 used on input line 205.
(pdftex.def)             Requested size: 597.78697pt x 773.60669pt.
File: question 1e lite.pdf Graphic file (type pdf)
<use question 1e lite.pdf, page 1>
Package pdftex.def Info: question 1e lite.pdf , page1 used on input line 205.
(pdftex.def)             Requested size: 597.78697pt x 773.60669pt.
File: question 1e lite.pdf Graphic file (type pdf)
<use question 1e lite.pdf, page 1>
Package pdftex.def Info: question 1e lite.pdf , page1 used on input line 205.
(pdftex.def)             Requested size: 597.78697pt x 773.60669pt.
[21

 <./question 1e lite.pdf>]

pdfTeX warning: pdflatex (file ./question 1e lite.pdf): PDF inclusion: found PDF version <1.7>, but at most version <1.5> allowed
<question 1e lite.pdf, id=206, page=2, 614.295pt x 794.97pt>
File: question 1e lite.pdf Graphic file (type pdf)
<use question 1e lite.pdf, page 2>
Package pdftex.def Info: question 1e lite.pdf , page2 used on input line 205.
(pdftex.def)             Requested size: 597.78697pt x 773.60669pt.
File: question 1e lite.pdf Graphic file (type pdf)
<use question 1e lite.pdf, page 2>
Package pdftex.def Info: question 1e lite.pdf , page2 used on input line 205.
(pdftex.def)             Requested size: 597.78697pt x 773.60669pt.
File: question 1e lite.pdf Graphic file (type pdf)
<use question 1e lite.pdf, page 2>
Package pdftex.def Info: question 1e lite.pdf , page2 used on input line 205.
(pdftex.def)             Requested size: 597.78697pt x 773.60669pt.
[22

 <./question 1e lite.pdf>]

pdfTeX warning: pdflatex (file ./question 1e lite.pdf): PDF inclusion: found PDF version <1.7>, but at most version <1.5> allowed
<question 1e lite.pdf, id=214, page=3, 614.295pt x 794.97pt>
File: question 1e lite.pdf Graphic file (type pdf)
<use question 1e lite.pdf, page 3>
Package pdftex.def Info: question 1e lite.pdf , page3 used on input line 205.
(pdftex.def)             Requested size: 597.78697pt x 773.60669pt.
File: question 1e lite.pdf Graphic file (type pdf)
<use question 1e lite.pdf, page 3>
Package pdftex.def Info: question 1e lite.pdf , page3 used on input line 205.
(pdftex.def)             Requested size: 597.78697pt x 773.60669pt.
File: question 1e lite.pdf Graphic file (type pdf)
<use question 1e lite.pdf, page 3>
Package pdftex.def Info: question 1e lite.pdf , page3 used on input line 205.
(pdftex.def)             Requested size: 597.78697pt x 773.60669pt.
[23

 <./question 1e lite.pdf>]

pdfTeX warning: pdflatex (file ./question 1e lite.pdf): PDF inclusion: found PDF version <1.7>, but at most version <1.5> allowed
<question 1e lite.pdf, id=219, page=4, 614.295pt x 794.97pt>
File: question 1e lite.pdf Graphic file (type pdf)
<use question 1e lite.pdf, page 4>
Package pdftex.def Info: question 1e lite.pdf , page4 used on input line 205.
(pdftex.def)             Requested size: 597.78697pt x 773.60669pt.
File: question 1e lite.pdf Graphic file (type pdf)
<use question 1e lite.pdf, page 4>
Package pdftex.def Info: question 1e lite.pdf , page4 used on input line 205.
(pdftex.def)             Requested size: 597.78697pt x 773.60669pt.
File: question 1e lite.pdf Graphic file (type pdf)
<use question 1e lite.pdf, page 4>
Package pdftex.def Info: question 1e lite.pdf , page4 used on input line 205.
(pdftex.def)             Requested size: 597.78697pt x 773.60669pt.
[24

 <./question 1e lite.pdf>]

pdfTeX warning: pdflatex (file ./question 1g lite.pdf): PDF inclusion: found PDF version <1.7>, but at most version <1.5> allowed
<question 1g lite.pdf, id=225, 614.295pt x 794.97pt>
File: question 1g lite.pdf Graphic file (type pdf)
<use question 1g lite.pdf>
Package pdftex.def Info: question 1g lite.pdf  used on input line 206.
(pdftex.def)             Requested size: 614.29349pt x 794.96806pt.


pdfTeX warning: pdflatex (file ./question 1g lite.pdf): PDF inclusion: found PDF version <1.7>, but at most version <1.5> allowed
File: question 1g lite.pdf Graphic file (type pdf)
<use question 1g lite.pdf>
Package pdftex.def Info: question 1g lite.pdf  used on input line 206.
(pdftex.def)             Requested size: 614.29349pt x 794.96806pt.


pdfTeX warning: pdflatex (file ./question 1g lite.pdf): PDF inclusion: found PDF version <1.7>, but at most version <1.5> allowed


pdfTeX warning: pdflatex (file ./question 1g lite.pdf): PDF inclusion: found PDF version <1.7>, but at most version <1.5> allowed
<question 1g lite.pdf, id=228, page=1, 614.295pt x 794.97pt>
File: question 1g lite.pdf Graphic file (type pdf)
<use question 1g lite.pdf, page 1>
Package pdftex.def Info: question 1g lite.pdf , page1 used on input line 206.
(pdftex.def)             Requested size: 614.29349pt x 794.96806pt.
File: question 1g lite.pdf Graphic file (type pdf)
<use question 1g lite.pdf, page 1>
Package pdftex.def Info: question 1g lite.pdf , page1 used on input line 206.
(pdftex.def)             Requested size: 597.78697pt x 773.60669pt.
File: question 1g lite.pdf Graphic file (type pdf)
<use question 1g lite.pdf, page 1>
Package pdftex.def Info: question 1g lite.pdf , page1 used on input line 206.
(pdftex.def)             Requested size: 597.78697pt x 773.60669pt.
File: question 1g lite.pdf Graphic file (type pdf)
<use question 1g lite.pdf, page 1>
Package pdftex.def Info: question 1g lite.pdf , page1 used on input line 206.
(pdftex.def)             Requested size: 597.78697pt x 773.60669pt.
File: question 1g lite.pdf Graphic file (type pdf)
<use question 1g lite.pdf, page 1>
Package pdftex.def Info: question 1g lite.pdf , page1 used on input line 206.
(pdftex.def)             Requested size: 597.78697pt x 773.60669pt.
[25

 <./question 1g lite.pdf>]

pdfTeX warning: pdflatex (file ./question 1g lite.pdf): PDF inclusion: found PDF version <1.7>, but at most version <1.5> allowed
<question 1g lite.pdf, id=234, page=2, 614.295pt x 794.97pt>
File: question 1g lite.pdf Graphic file (type pdf)
<use question 1g lite.pdf, page 2>
Package pdftex.def Info: question 1g lite.pdf , page2 used on input line 206.
(pdftex.def)             Requested size: 597.78697pt x 773.60669pt.
File: question 1g lite.pdf Graphic file (type pdf)
<use question 1g lite.pdf, page 2>
Package pdftex.def Info: question 1g lite.pdf , page2 used on input line 206.
(pdftex.def)             Requested size: 597.78697pt x 773.60669pt.
File: question 1g lite.pdf Graphic file (type pdf)
<use question 1g lite.pdf, page 2>
Package pdftex.def Info: question 1g lite.pdf , page2 used on input line 206.
(pdftex.def)             Requested size: 597.78697pt x 773.60669pt.
[26

 <./question 1g lite.pdf>]

pdfTeX warning: pdflatex (file ./question 1g lite.pdf): PDF inclusion: found PDF version <1.7>, but at most version <1.5> allowed
<question 1g lite.pdf, id=239, page=3, 614.295pt x 794.97pt>
File: question 1g lite.pdf Graphic file (type pdf)
<use question 1g lite.pdf, page 3>
Package pdftex.def Info: question 1g lite.pdf , page3 used on input line 206.
(pdftex.def)             Requested size: 597.78697pt x 773.60669pt.
File: question 1g lite.pdf Graphic file (type pdf)
<use question 1g lite.pdf, page 3>
Package pdftex.def Info: question 1g lite.pdf , page3 used on input line 206.
(pdftex.def)             Requested size: 597.78697pt x 773.60669pt.
File: question 1g lite.pdf Graphic file (type pdf)
<use question 1g lite.pdf, page 3>
Package pdftex.def Info: question 1g lite.pdf , page3 used on input line 206.
(pdftex.def)             Requested size: 597.78697pt x 773.60669pt.
[27

 <./question 1g lite.pdf>]

pdfTeX warning: pdflatex (file ./question 1g lite.pdf): PDF inclusion: found PDF version <1.7>, but at most version <1.5> allowed
<question 1g lite.pdf, id=244, page=4, 614.295pt x 794.97pt>
File: question 1g lite.pdf Graphic file (type pdf)
<use question 1g lite.pdf, page 4>
Package pdftex.def Info: question 1g lite.pdf , page4 used on input line 206.
(pdftex.def)             Requested size: 597.78697pt x 773.60669pt.
File: question 1g lite.pdf Graphic file (type pdf)
<use question 1g lite.pdf, page 4>
Package pdftex.def Info: question 1g lite.pdf , page4 used on input line 206.
(pdftex.def)             Requested size: 597.78697pt x 773.60669pt.
File: question 1g lite.pdf Graphic file (type pdf)
<use question 1g lite.pdf, page 4>
Package pdftex.def Info: question 1g lite.pdf , page4 used on input line 206.
(pdftex.def)             Requested size: 597.78697pt x 773.60669pt.
[28

 <./question 1g lite.pdf>]

pdfTeX warning: pdflatex (file ./question 1g lite.pdf): PDF inclusion: found PDF version <1.7>, but at most version <1.5> allowed
<question 1g lite.pdf, id=249, page=5, 614.295pt x 794.97pt>
File: question 1g lite.pdf Graphic file (type pdf)
<use question 1g lite.pdf, page 5>
Package pdftex.def Info: question 1g lite.pdf , page5 used on input line 206.
(pdftex.def)             Requested size: 597.78697pt x 773.60669pt.
File: question 1g lite.pdf Graphic file (type pdf)
<use question 1g lite.pdf, page 5>
Package pdftex.def Info: question 1g lite.pdf , page5 used on input line 206.
(pdftex.def)             Requested size: 597.78697pt x 773.60669pt.
File: question 1g lite.pdf Graphic file (type pdf)
<use question 1g lite.pdf, page 5>
Package pdftex.def Info: question 1g lite.pdf , page5 used on input line 206.
(pdftex.def)             Requested size: 597.78697pt x 773.60669pt.
[29

 <./question 1g lite.pdf>]

pdfTeX warning: pdflatex (file ./question 1g lite.pdf): PDF inclusion: found PDF version <1.7>, but at most version <1.5> allowed
<question 1g lite.pdf, id=254, page=6, 614.295pt x 794.97pt>
File: question 1g lite.pdf Graphic file (type pdf)
<use question 1g lite.pdf, page 6>
Package pdftex.def Info: question 1g lite.pdf , page6 used on input line 206.
(pdftex.def)             Requested size: 597.78697pt x 773.60669pt.
File: question 1g lite.pdf Graphic file (type pdf)
<use question 1g lite.pdf, page 6>
Package pdftex.def Info: question 1g lite.pdf , page6 used on input line 206.
(pdftex.def)             Requested size: 597.78697pt x 773.60669pt.
File: question 1g lite.pdf Graphic file (type pdf)
<use question 1g lite.pdf, page 6>
Package pdftex.def Info: question 1g lite.pdf , page6 used on input line 206.
(pdftex.def)             Requested size: 597.78697pt x 773.60669pt.
[30

 <./question 1g lite.pdf>]
<Question b and d.pdf, id=261, 582.175pt x 722.7pt>
File: Question b and d.pdf Graphic file (type pdf)
<use Question b and d.pdf>
Package pdftex.def Info: Question b and d.pdf  used on input line 207.
(pdftex.def)             Requested size: 582.17358pt x 722.69823pt.
File: Question b and d.pdf Graphic file (type pdf)
<use Question b and d.pdf>
Package pdftex.def Info: Question b and d.pdf  used on input line 207.
(pdftex.def)             Requested size: 582.17358pt x 722.69823pt.
<Question b and d.pdf, id=264, page=1, 582.175pt x 722.7pt>
File: Question b and d.pdf Graphic file (type pdf)
<use Question b and d.pdf, page 1>
Package pdftex.def Info: Question b and d.pdf , page1 used on input line 207.
(pdftex.def)             Requested size: 582.17358pt x 722.69823pt.
File: Question b and d.pdf Graphic file (type pdf)
<use Question b and d.pdf, page 1>
Package pdftex.def Info: Question b and d.pdf , page1 used on input line 207.
(pdftex.def)             Requested size: 597.68376pt x 741.95224pt.
File: Question b and d.pdf Graphic file (type pdf)
<use Question b and d.pdf, page 1>
Package pdftex.def Info: Question b and d.pdf , page1 used on input line 207.
(pdftex.def)             Requested size: 597.68376pt x 741.95224pt.
File: Question b and d.pdf Graphic file (type pdf)
<use Question b and d.pdf, page 1>
Package pdftex.def Info: Question b and d.pdf , page1 used on input line 207.
(pdftex.def)             Requested size: 597.68376pt x 741.95224pt.
File: Question b and d.pdf Graphic file (type pdf)
<use Question b and d.pdf, page 1>
Package pdftex.def Info: Question b and d.pdf , page1 used on input line 207.
(pdftex.def)             Requested size: 597.68376pt x 741.95224pt.
 [31

 <./Question b and d.pdf>]
<Question b and d.pdf, id=270, page=2, 571.13374pt x 722.7pt>
File: Question b and d.pdf Graphic file (type pdf)
<use Question b and d.pdf, page 2>
Package pdftex.def Info: Question b and d.pdf , page2 used on input line 207.
(pdftex.def)             Requested size: 586.34837pt x 741.95224pt.
File: Question b and d.pdf Graphic file (type pdf)
<use Question b and d.pdf, page 2>
Package pdftex.def Info: Question b and d.pdf , page2 used on input line 207.
(pdftex.def)             Requested size: 586.34837pt x 741.95224pt.
File: Question b and d.pdf Graphic file (type pdf)
<use Question b and d.pdf, page 2>
Package pdftex.def Info: Question b and d.pdf , page2 used on input line 207.
(pdftex.def)             Requested size: 586.34837pt x 741.95224pt.
 [32

 <./Question b and d.pdf>]
<Question b and d.pdf, id=276, page=3, 722.7pt x 196.735pt>
File: Question b and d.pdf Graphic file (type pdf)
<use Question b and d.pdf, page 3>
Package pdftex.def Info: Question b and d.pdf , page3 used on input line 207.
(pdftex.def)             Requested size: 741.95224pt x 201.97586pt.
File: Question b and d.pdf Graphic file (type pdf)
<use Question b and d.pdf, page 3>
Package pdftex.def Info: Question b and d.pdf , page3 used on input line 207.
(pdftex.def)             Requested size: 741.95224pt x 201.97586pt.
File: Question b and d.pdf Graphic file (type pdf)
<use Question b and d.pdf, page 3>
Package pdftex.def Info: Question b and d.pdf , page3 used on input line 207.
(pdftex.def)             Requested size: 741.95224pt x 201.97586pt.
 [33

 <./Question b and d.pdf>]
<sigma_question d.png, id=282, 1291.4649pt x 614.295pt>
File: sigma_question d.png Graphic file (type png)
<use sigma_question d.png>
Package pdftex.def Info: sigma_question d.png  used on input line 209.
(pdftex.def)             Requested size: 483.69684pt x 230.06947pt.

Overfull \hbox (17.62482pt too wide) in paragraph at lines 209--210
[][] 
 []

<Question f 0 and 1.pdf, id=283, 722.7pt x 340.27126pt>
File: Question f 0 and 1.pdf Graphic file (type pdf)
<use Question f 0 and 1.pdf>
Package pdftex.def Info: Question f 0 and 1.pdf  used on input line 211.
(pdftex.def)             Requested size: 722.69823pt x 340.27042pt.
File: Question f 0 and 1.pdf Graphic file (type pdf)
<use Question f 0 and 1.pdf>
Package pdftex.def Info: Question f 0 and 1.pdf  used on input line 211.
(pdftex.def)             Requested size: 722.69823pt x 340.27042pt.
<Question f 0 and 1.pdf, id=286, page=1, 722.7pt x 340.27126pt>
File: Question f 0 and 1.pdf Graphic file (type pdf)
<use Question f 0 and 1.pdf, page 1>
Package pdftex.def Info: Question f 0 and 1.pdf , page1 used on input line 211.
(pdftex.def)             Requested size: 722.69823pt x 340.27042pt.
File: Question f 0 and 1.pdf Graphic file (type pdf)
<use Question f 0 and 1.pdf, page 1>
Package pdftex.def Info: Question f 0 and 1.pdf , page1 used on input line 211.
(pdftex.def)             Requested size: 598.07645pt x 281.59433pt.
[34 <./sigma_question d.png>]
File: Question f 0 and 1.pdf Graphic file (type pdf)
<use Question f 0 and 1.pdf, page 1>
Package pdftex.def Info: Question f 0 and 1.pdf , page1 used on input line 211.
(pdftex.def)             Requested size: 598.07645pt x 281.59433pt.
File: Question f 0 and 1.pdf Graphic file (type pdf)
<use Question f 0 and 1.pdf, page 1>
Package pdftex.def Info: Question f 0 and 1.pdf , page1 used on input line 211.
(pdftex.def)             Requested size: 598.07645pt x 281.59433pt.
File: Question f 0 and 1.pdf Graphic file (type pdf)
<use Question f 0 and 1.pdf, page 1>
Package pdftex.def Info: Question f 0 and 1.pdf , page1 used on input line 211.
(pdftex.def)             Requested size: 598.07645pt x 281.59433pt.
 [35

 <./Question f 0 and 1.pdf>]
<Question f 0 and 1.pdf, id=297, page=2, 722.7pt x 664.4825pt>
File: Question f 0 and 1.pdf Graphic file (type pdf)
<use Question f 0 and 1.pdf, page 2>
Package pdftex.def Info: Question f 0 and 1.pdf , page2 used on input line 211.
(pdftex.def)             Requested size: 598.07645pt x 549.89806pt.
File: Question f 0 and 1.pdf Graphic file (type pdf)
<use Question f 0 and 1.pdf, page 2>
Package pdftex.def Info: Question f 0 and 1.pdf , page2 used on input line 211.
(pdftex.def)             Requested size: 598.07645pt x 549.89806pt.
File: Question f 0 and 1.pdf Graphic file (type pdf)
<use Question f 0 and 1.pdf, page 2>
Package pdftex.def Info: Question f 0 and 1.pdf , page2 used on input line 211.
(pdftex.def)             Requested size: 598.07645pt x 549.89806pt.
 [36

 <./Question f 0 and 1.pdf>]
<sigma_f_1.png, id=304, 462.528pt x 346.896pt>
File: sigma_f_1.png Graphic file (type png)
<use sigma_f_1.png>
Package pdftex.def Info: sigma_f_1.png  used on input line 213.
(pdftex.def)             Requested size: 483.69684pt x 362.79062pt.

Overfull \hbox (17.62482pt too wide) in paragraph at lines 213--214
[][] 
 []

<Question f 0.5.pdf, id=305, 794.97pt x 614.295pt>
File: Question f 0.5.pdf Graphic file (type pdf)
<use Question f 0.5.pdf>
Package pdftex.def Info: Question f 0.5.pdf  used on input line 215.
(pdftex.def)             Requested size: 794.96806pt x 614.29349pt.
File: Question f 0.5.pdf Graphic file (type pdf)
<use Question f 0.5.pdf>
Package pdftex.def Info: Question f 0.5.pdf  used on input line 215.
(pdftex.def)             Requested size: 794.96806pt x 614.29349pt.
<Question f 0.5.pdf, id=308, page=1, 794.97pt x 614.295pt>
File: Question f 0.5.pdf Graphic file (type pdf)
<use Question f 0.5.pdf, page 1>
Package pdftex.def Info: Question f 0.5.pdf , page1 used on input line 215.
(pdftex.def)             Requested size: 794.96806pt x 614.29349pt.
File: Question f 0.5.pdf Graphic file (type pdf)
<use Question f 0.5.pdf, page 1>
Package pdftex.def Info: Question f 0.5.pdf , page1 used on input line 215.
(pdftex.def)             Requested size: 598.22752pt x 462.26671pt.
[37 <./sigma_f_1.png>]
File: Question f 0.5.pdf Graphic file (type pdf)
<use Question f 0.5.pdf, page 1>
Package pdftex.def Info: Question f 0.5.pdf , page1 used on input line 215.
(pdftex.def)             Requested size: 598.22752pt x 462.26671pt.
File: Question f 0.5.pdf Graphic file (type pdf)
<use Question f 0.5.pdf, page 1>
Package pdftex.def Info: Question f 0.5.pdf , page1 used on input line 215.
(pdftex.def)             Requested size: 598.22752pt x 462.26671pt.
File: Question f 0.5.pdf Graphic file (type pdf)
<use Question f 0.5.pdf, page 1>
Package pdftex.def Info: Question f 0.5.pdf , page1 used on input line 215.
(pdftex.def)             Requested size: 598.22752pt x 462.26671pt.
 [38

 <./Question f 0.5.pdf>]
<sigma_f_05.png, id=324, 1387.584pt x 704.6325pt>
File: sigma_f_05.png Graphic file (type png)
<use sigma_f_05.png>
Package pdftex.def Info: sigma_f_05.png  used on input line 217.
(pdftex.def)             Requested size: 483.69684pt x 245.62515pt.

Overfull \hbox (17.62482pt too wide) in paragraph at lines 217--218
[][] 
 []

[39 <./sigma_f_05.png>] (HOMEWORK_1.aux)
Package rerunfilecheck Info: File `HOMEWORK_1.out' has not changed.
(rerunfilecheck)             Checksum: 2DFA4B35A62319B0C2AD0554E028E6AE;877.
 ) 
Here is how much of TeX's memory you used:
 10715 strings out of 475385
 176239 string characters out of 2776907
 526579 words of memory out of 3000000
 31891 multiletter control sequences out of 15000+600000
 473544 words of font info for 42 fonts, out of 8000000 for 9000
 1141 hyphenation exceptions out of 8191
 72i,17n,77p,672b,568s stack positions out of 10000i,1000n,20000p,200000b,80000s
 <C:\Users\kamal\AppData\Local\MiKTeX\fonts/pk/ljfour/jknappen/ec/dpi600\tcrm1200.pk><C:/Users/kamal/AppData/Local/Programs/MiKTeX/fonts/type1/public/amsfonts/cm/cmbx12.pfb><C:/Users/kamal/AppData/Local/Programs/MiKTeX/fonts/type1/public/amsfonts/cm/cmex10.pfb><C:/Users/kamal/AppData/Local/Programs/MiKTeX/fonts/type1/public/amsfonts/cm/cmmi12.pfb><C:/Users/kamal/AppData/Local/Programs/MiKTeX/fonts/type1/public/amsfonts/cm/cmmi8.pfb><C:/Users/kamal/AppData/Local/Programs/MiKTeX/fonts/type1/public/amsfonts/cm/cmr12.pfb><C:/Users/kamal/AppData/Local/Programs/MiKTeX/fonts/type1/public/amsfonts/cm/cmr17.pfb><C:/Users/kamal/AppData/Local/Programs/MiKTeX/fonts/type1/public/amsfonts/cm/cmr8.pfb><C:/Users/kamal/AppData/Local/Programs/MiKTeX/fonts/type1/public/amsfonts/cm/cmsy10.pfb><C:/Users/kamal/AppData/Local/Programs/MiKTeX/fonts/type1/public/amsfonts/cm/cmsy8.pfb>
Output written on HOMEWORK_1.pdf (40 pages, 7613811 bytes).
PDF statistics:
 389 PDF objects out of 1000 (max. 8388607)
 54 named destinations out of 1000 (max. 500000)
 328 words of extra memory for PDF output out of 10000 (max. 10000000)

