This is pdfTeX, Version 3.141592653-2.6-1.40.24 (MiKTeX 22.10) (preloaded format=pdflatex 2023.2.10)  23 SEP 2024 20:18
entering extended mode
 restricted \write18 enabled.
 file:line:error style messages enabled.
 %&-line parsing enabled.
**"c:/Users/kamal/OneDrive/PolyTechnique/DESS-MAITRISE/Session 3/MEC6602 - Transonic Aerodynamics/HOMEWORK_1/MEC_6602E_HOMEWORK_1/page_titre.tex"
(c:/Users/kamal/OneDrive/PolyTechnique/DESS-MAITRISE/Session 3/MEC6602 - Transonic Aerodynamics/HOMEWORK_1/MEC_6602E_HOMEWORK_1/page_titre.tex
LaTeX2e <2022-06-01> patch level 5
L3 programming layer <2022-09-28> (C:\Users\kamal\AppData\Local\Programs\MiKTeX\tex/latex/base\article.cls
Document Class: article 2021/10/04 v1.4n Standard LaTeX document class
(C:\Users\kamal\AppData\Local\Programs\MiKTeX\tex/latex/base\size12.clo
File: size12.clo 2021/10/04 v1.4n Standard LaTeX file (size option)
)
\c@part=\count185
\c@section=\count186
\c@subsection=\count187
\c@subsubsection=\count188
\c@paragraph=\count189
\c@subparagraph=\count190
\c@figure=\count191
\c@table=\count192
\abovecaptionskip=\skip47
\belowcaptionskip=\skip48
\bibindent=\dimen138
) (C:\Users\kamal\AppData\Local\Programs\MiKTeX\tex/latex/graphics\graphicx.sty
Package: graphicx 2021/09/16 v1.2d Enhanced LaTeX Graphics (DPC,SPQR)
 (C:\Users\kamal\AppData\Local\Programs\MiKTeX\tex/latex/graphics\keyval.sty
Package: keyval 2022/05/29 v1.15 key=value parser (DPC)
\KV@toks@=\toks16
) (C:\Users\kamal\AppData\Local\Programs\MiKTeX\tex/latex/graphics\graphics.sty
Package: graphics 2022/03/10 v1.4e Standard LaTeX Graphics (DPC,SPQR)
 (C:\Users\kamal\AppData\Local\Programs\MiKTeX\tex/latex/graphics\trig.sty
Package: trig 2021/08/11 v1.11 sin cos tan (DPC)
) (C:\Users\kamal\AppData\Local\Programs\MiKTeX\tex/latex/graphics-cfg\graphics.cfg
File: graphics.cfg 2016/06/04 v1.11 sample graphics configuration
)
Package graphics Info: Driver file: pdftex.def on input line 107.
 (C:\Users\kamal\AppData\Local\Programs\MiKTeX\tex/latex/graphics-def\pdftex.def
File: pdftex.def 2022/09/22 v1.2b Graphics/color driver for pdftex
\stockwidth=\dimen139
\stockheight=\dimen140
))
\Gin@req@height=\dimen141
\Gin@req@width=\dimen142
) (C:\Users\kamal\AppData\Local\Programs\MiKTeX\tex/latex/geometry\geometry.sty
Package: geometry 2020/01/02 v5.9 Page Geometry
 (C:\Users\kamal\AppData\Local\Programs\MiKTeX\tex/generic/iftex\ifvtex.sty
Package: ifvtex 2019/10/25 v1.7 ifvtex legacy package. Use iftex instead.
 (C:\Users\kamal\AppData\Local\Programs\MiKTeX\tex/generic/iftex\iftex.sty
Package: iftex 2022/02/03 v1.0f TeX engine tests
))
\Gm@cnth=\count193
\Gm@cntv=\count194
\c@Gm@tempcnt=\count195
\Gm@bindingoffset=\dimen143
\Gm@wd@mp=\dimen144
\Gm@odd@mp=\dimen145
\Gm@even@mp=\dimen146
\Gm@layoutwidth=\dimen147
\Gm@layoutheight=\dimen148
\Gm@layouthoffset=\dimen149
\Gm@layoutvoffset=\dimen150
\Gm@dimlist=\toks17
 (C:\Users\kamal\AppData\Local\Programs\MiKTeX\tex/latex/geometry\geometry.cfg)) (C:\Users\kamal\AppData\Local\Programs\MiKTeX\tex/latex/pdfpages\pdfpages.sty
Package: pdfpages 2024/08/20 v0.6b Insert pages of external PDF documents (AM)
 (C:\Users\kamal\AppData\Local\Programs\MiKTeX\tex/latex/base\ifthen.sty
Package: ifthen 2022/04/13 v1.1d Standard LaTeX ifthen package (DPC)
) (C:\Users\kamal\AppData\Local\Programs\MiKTeX\tex/latex/tools\calc.sty
Package: calc 2017/05/25 v4.3 Infix arithmetic (KKT,FJ)
\calc@Acount=\count196
\calc@Bcount=\count197
\calc@Adimen=\dimen151
\calc@Bdimen=\dimen152
\calc@Askip=\skip49
\calc@Bskip=\skip50
LaTeX Info: Redefining \setlength on input line 80.
LaTeX Info: Redefining \addtolength on input line 81.
\calc@Ccount=\count198
\calc@Cskip=\skip51
) (C:\Users\kamal\AppData\Local\Programs\MiKTeX\tex/latex/eso-pic\eso-pic.sty
Package: eso-pic 2023/05/03 v3.0c eso-pic (RN)
\ESO@tempdima=\dimen153
\ESO@tempdimb=\dimen154
 (C:\Users\kamal\AppData\Local\Programs\MiKTeX\tex/latex/xcolor\xcolor.sty
Package: xcolor 2022/06/12 v2.14 LaTeX color extensions (UK)
 (C:\Users\kamal\AppData\Local\Programs\MiKTeX\tex/latex/graphics-cfg\color.cfg
File: color.cfg 2016/01/02 v1.6 sample color configuration
)
Package xcolor Info: Driver file: pdftex.def on input line 227.
 (C:\Users\kamal\AppData\Local\Programs\MiKTeX\tex/latex/graphics\mathcolor.ltx)
Package xcolor Info: Model `cmy' substituted by `cmy0' on input line 1353.
Package xcolor Info: Model `hsb' substituted by `rgb' on input line 1357.
Package xcolor Info: Model `RGB' extended on input line 1369.
Package xcolor Info: Model `HTML' substituted by `rgb' on input line 1371.
Package xcolor Info: Model `Hsb' substituted by `hsb' on input line 1372.
Package xcolor Info: Model `tHsb' substituted by `hsb' on input line 1373.
Package xcolor Info: Model `HSB' substituted by `hsb' on input line 1374.
Package xcolor Info: Model `Gray' substituted by `gray' on input line 1375.
Package xcolor Info: Model `wave' substituted by `hsb' on input line 1376.
))
\AM@pagewidth=\dimen155
\AM@pageheight=\dimen156
\AM@fboxrule=\dimen157
 (C:\Users\kamal\AppData\Local\Programs\MiKTeX\tex/latex/pdfpages\pppdftex.def
File: pppdftex.def 2024/08/20 v0.6b Pdfpages driver for pdfTeX (AM)
)
\pdfpages@includegraphics@status=\count199
\AM@pagebox=\box51
\AM@global@opts=\toks18
\AM@pagecnt=\count266
\AM@toc@title=\toks19
\AM@lof@heading=\toks20
\c@AM@survey=\count267
\AM@templatesizebox=\box52
) (C:\Users\kamal\AppData\Local\Programs\MiKTeX\tex/latex/titlesec\titlesec.sty
Package: titlesec 2023/10/27 v2.16 Sectioning titles
\ttl@box=\box53
\beforetitleunit=\skip52
\aftertitleunit=\skip53
\ttl@plus=\dimen158
\ttl@minus=\dimen159
\ttl@toksa=\toks21
\titlewidth=\dimen160
\titlewidthlast=\dimen161
\titlewidthfirst=\dimen162
) (C:\Users\kamal\AppData\Local\Programs\MiKTeX\tex/latex/oberdiek\centernot.sty
Package: centernot 2016/05/16 v1.4 Centers the not symbol horizontally (HO)
) (C:\Users\kamal\AppData\Local\Programs\MiKTeX\tex/latex/fancyhdr\fancyhdr.sty
Package: fancyhdr 2024/07/23 v4.3.1 Extensive control of page headers and footers
\f@nch@headwidth=\skip54
\f@nch@O@elh=\skip55
\f@nch@O@erh=\skip56
\f@nch@O@olh=\skip57
\f@nch@O@orh=\skip58
\f@nch@O@elf=\skip59
\f@nch@O@erf=\skip60
\f@nch@O@olf=\skip61
\f@nch@O@orf=\skip62
) (C:\Users\kamal\AppData\Local\Programs\MiKTeX\tex/latex/l3backend\l3backend-pdftex.def
File: l3backend-pdftex.def 2022-09-28 L3 backend support: PDF output (pdfTeX)
\l__color_backend_stack_int=\count268
\l__pdf_internal_box=\box54
) (page_titre.aux)
\openout1 = `page_titre.aux'.

LaTeX Font Info:    Checking defaults for OML/cmm/m/it on input line 17.
LaTeX Font Info:    ... okay on input line 17.
LaTeX Font Info:    Checking defaults for OMS/cmsy/m/n on input line 17.
LaTeX Font Info:    ... okay on input line 17.
LaTeX Font Info:    Checking defaults for OT1/cmr/m/n on input line 17.
LaTeX Font Info:    ... okay on input line 17.
LaTeX Font Info:    Checking defaults for T1/cmr/m/n on input line 17.
LaTeX Font Info:    ... okay on input line 17.
LaTeX Font Info:    Checking defaults for TS1/cmr/m/n on input line 17.
LaTeX Font Info:    ... okay on input line 17.
LaTeX Font Info:    Checking defaults for OMX/cmex/m/n on input line 17.
LaTeX Font Info:    ... okay on input line 17.
LaTeX Font Info:    Checking defaults for U/cmr/m/n on input line 17.
LaTeX Font Info:    ... okay on input line 17.
 (C:\Users\kamal\AppData\Local\Programs\MiKTeX\tex/context/base/mkii\supp-pdf.mkii
[Loading MPS to PDF converter (version 2006.09.02).]
\scratchcounter=\count269
\scratchdimen=\dimen163
\scratchbox=\box55
\nofMPsegments=\count270
\nofMParguments=\count271
\everyMPshowfont=\toks22
\MPscratchCnt=\count272
\MPscratchDim=\dimen164
\MPnumerator=\count273
\makeMPintoPDFobject=\count274
\everyMPtoPDFconversion=\toks23
) (C:\Users\kamal\AppData\Local\Programs\MiKTeX\tex/latex/epstopdf-pkg\epstopdf-base.sty
Package: epstopdf-base 2020-01-24 v2.11 Base part for package epstopdf
Package epstopdf-base Info: Redefining graphics rule for `.eps' on input line 485.
 (C:\Users\kamal\AppData\Local\Programs\MiKTeX\tex/latex/00miktex\epstopdf-sys.cfg
File: epstopdf-sys.cfg 2021/03/18 v2.0 Configuration of epstopdf for MiKTeX
))
*geometry* driver: auto-detecting
*geometry* detected driver: pdftex
*geometry* verbose mode - [ preamble ] result:
* driver: pdftex
* paper: a4paper
* layout: <same size as paper>
* layoutoffset:(h,v)=(0.0pt,0.0pt)
* modes: 
* h-part:(L,W,R)=(56.9055pt, 483.69684pt, 56.90553pt)
* v-part:(T,H,B)=(56.9055pt, 731.23582pt, 56.90552pt)
* \paperwidth=597.50787pt
* \paperheight=845.04684pt
* \textwidth=483.69684pt
* \textheight=731.23582pt
* \oddsidemargin=-15.36449pt
* \evensidemargin=-15.36449pt
* \topmargin=-52.36449pt
* \headheight=12.0pt
* \headsep=25.0pt
* \topskip=12.0pt
* \footskip=30.0pt
* \marginparwidth=44.0pt
* \marginparsep=10.0pt
* \columnsep=10.0pt
* \skip\footins=10.8pt plus 4.0pt minus 2.0pt
* \hoffset=0.0pt
* \voffset=0.0pt
* \mag=1000
* \@twocolumnfalse
* \@twosidefalse
* \@mparswitchfalse
* \@reversemarginfalse
* (1in=72.27pt=25.4mm, 1cm=28.453pt)

(C:\Users\kamal\AppData\Local\Programs\MiKTeX\tex/latex/pdflscape\pdflscape.sty
Package: pdflscape 2022-10-27 v0.13 Display of landscape pages in PDF
 (C:\Users\kamal\AppData\Local\Programs\MiKTeX\tex/latex/pdflscape\pdflscape-nometadata.sty
Package: pdflscape-nometadata 2022-10-28 v0.13 Display of landscape pages in PDF (HO)
 (C:\Users\kamal\AppData\Local\Programs\MiKTeX\tex/latex/graphics\lscape.sty
Package: lscape 2020/05/28 v3.02 Landscape Pages (DPC)
)
Package pdflscape Info: Auto-detected driver: pdftex on input line 81.
))
<polytechnique-signature-rgb-gauche-fr.png, id=1, 185.69376pt x 76.285pt>
File: polytechnique-signature-rgb-gauche-fr.png Graphic file (type png)
<use polytechnique-signature-rgb-gauche-fr.png>
Package pdftex.def Info: polytechnique-signature-rgb-gauche-fr.png  used on input line 38.
(pdftex.def)             Requested size: 120.92421pt x 49.67776pt.
 [1

{C:/Users/kamal/AppData/Local/MiKTeX/fonts/map/pdftex/pdftex.map} <./polytechnique-signature-rgb-gauche-fr.png>]
LaTeX Font Info:    External font `cmex10' loaded for size
(Font)              <12> on input line 47.
LaTeX Font Info:    External font `cmex10' loaded for size
(Font)              <8> on input line 47.
LaTeX Font Info:    External font `cmex10' loaded for size
(Font)              <6> on input line 47.


pdfTeX warning: pdflatex (file ./question 1a lite.pdf): PDF inclusion: found PDF version <1.7>, but at most version <1.5> allowed
<question 1a lite.pdf, id=10, 614.295pt x 794.97pt>
File: question 1a lite.pdf Graphic file (type pdf)
<use question 1a lite.pdf>
Package pdftex.def Info: question 1a lite.pdf  used on input line 61.
(pdftex.def)             Requested size: 614.29349pt x 794.96806pt.


pdfTeX warning: pdflatex (file ./question 1a lite.pdf): PDF inclusion: found PDF version <1.7>, but at most version <1.5> allowed
File: question 1a lite.pdf Graphic file (type pdf)
<use question 1a lite.pdf>
Package pdftex.def Info: question 1a lite.pdf  used on input line 61.
(pdftex.def)             Requested size: 614.29349pt x 794.96806pt.


pdfTeX warning: pdflatex (file ./question 1a lite.pdf): PDF inclusion: found PDF version <1.7>, but at most version <1.5> allowed


pdfTeX warning: pdflatex (file ./question 1a lite.pdf): PDF inclusion: found PDF version <1.7>, but at most version <1.5> allowed
<question 1a lite.pdf, id=13, page=1, 614.295pt x 794.97pt>
File: question 1a lite.pdf Graphic file (type pdf)
<use question 1a lite.pdf, page 1>
Package pdftex.def Info: question 1a lite.pdf , page1 used on input line 61.
(pdftex.def)             Requested size: 614.29349pt x 794.96806pt.
File: question 1a lite.pdf Graphic file (type pdf)
<use question 1a lite.pdf, page 1>
Package pdftex.def Info: question 1a lite.pdf , page1 used on input line 61.
(pdftex.def)             Requested size: 597.78697pt x 773.60669pt.
[1]
File: question 1a lite.pdf Graphic file (type pdf)
<use question 1a lite.pdf, page 1>
Package pdftex.def Info: question 1a lite.pdf , page1 used on input line 61.
(pdftex.def)             Requested size: 597.78697pt x 773.60669pt.
File: question 1a lite.pdf Graphic file (type pdf)
<use question 1a lite.pdf, page 1>
Package pdftex.def Info: question 1a lite.pdf , page1 used on input line 61.
(pdftex.def)             Requested size: 597.78697pt x 773.60669pt.
File: question 1a lite.pdf Graphic file (type pdf)
<use question 1a lite.pdf, page 1>
Package pdftex.def Info: question 1a lite.pdf , page1 used on input line 61.
(pdftex.def)             Requested size: 597.78697pt x 773.60669pt.
 [2

 <./question 1a lite.pdf>]

pdfTeX warning: pdflatex (file ./question 1a lite.pdf): PDF inclusion: found PDF version <1.7>, but at most version <1.5> allowed
<question 1a lite.pdf, id=24, page=2, 614.295pt x 794.97pt>
File: question 1a lite.pdf Graphic file (type pdf)
<use question 1a lite.pdf, page 2>
Package pdftex.def Info: question 1a lite.pdf , page2 used on input line 61.
(pdftex.def)             Requested size: 597.78697pt x 773.60669pt.
File: question 1a lite.pdf Graphic file (type pdf)
<use question 1a lite.pdf, page 2>
Package pdftex.def Info: question 1a lite.pdf , page2 used on input line 61.
(pdftex.def)             Requested size: 597.78697pt x 773.60669pt.
File: question 1a lite.pdf Graphic file (type pdf)
<use question 1a lite.pdf, page 2>
Package pdftex.def Info: question 1a lite.pdf , page2 used on input line 61.
(pdftex.def)             Requested size: 597.78697pt x 773.60669pt.
[3

 <./question 1a lite.pdf>]

pdfTeX warning: pdflatex (file ./question 1a lite.pdf): PDF inclusion: found PDF version <1.7>, but at most version <1.5> allowed
<question 1a lite.pdf, id=31, page=3, 614.295pt x 794.97pt>
File: question 1a lite.pdf Graphic file (type pdf)
<use question 1a lite.pdf, page 3>
Package pdftex.def Info: question 1a lite.pdf , page3 used on input line 61.
(pdftex.def)             Requested size: 597.78697pt x 773.60669pt.
File: question 1a lite.pdf Graphic file (type pdf)
<use question 1a lite.pdf, page 3>
Package pdftex.def Info: question 1a lite.pdf , page3 used on input line 61.
(pdftex.def)             Requested size: 597.78697pt x 773.60669pt.
File: question 1a lite.pdf Graphic file (type pdf)
<use question 1a lite.pdf, page 3>
Package pdftex.def Info: question 1a lite.pdf , page3 used on input line 61.
(pdftex.def)             Requested size: 597.78697pt x 773.60669pt.
[4

 <./question 1a lite.pdf>]

pdfTeX warning: pdflatex (file ./question 1a lite.pdf): PDF inclusion: found PDF version <1.7>, but at most version <1.5> allowed
<question 1a lite.pdf, id=35, page=4, 614.295pt x 794.97pt>
File: question 1a lite.pdf Graphic file (type pdf)
<use question 1a lite.pdf, page 4>
Package pdftex.def Info: question 1a lite.pdf , page4 used on input line 61.
(pdftex.def)             Requested size: 597.78697pt x 773.60669pt.
File: question 1a lite.pdf Graphic file (type pdf)
<use question 1a lite.pdf, page 4>
Package pdftex.def Info: question 1a lite.pdf , page4 used on input line 61.
(pdftex.def)             Requested size: 597.78697pt x 773.60669pt.
File: question 1a lite.pdf Graphic file (type pdf)
<use question 1a lite.pdf, page 4>
Package pdftex.def Info: question 1a lite.pdf , page4 used on input line 61.
(pdftex.def)             Requested size: 597.78697pt x 773.60669pt.
[5

 <./question 1a lite.pdf>]

pdfTeX warning: pdflatex (file ./question 1c lite.pdf): PDF inclusion: found PDF version <1.7>, but at most version <1.5> allowed
<question 1c lite.pdf, id=39, 614.295pt x 794.97pt>
File: question 1c lite.pdf Graphic file (type pdf)
<use question 1c lite.pdf>
Package pdftex.def Info: question 1c lite.pdf  used on input line 62.
(pdftex.def)             Requested size: 614.29349pt x 794.96806pt.


pdfTeX warning: pdflatex (file ./question 1c lite.pdf): PDF inclusion: found PDF version <1.7>, but at most version <1.5> allowed
File: question 1c lite.pdf Graphic file (type pdf)
<use question 1c lite.pdf>
Package pdftex.def Info: question 1c lite.pdf  used on input line 62.
(pdftex.def)             Requested size: 614.29349pt x 794.96806pt.


pdfTeX warning: pdflatex (file ./question 1c lite.pdf): PDF inclusion: found PDF version <1.7>, but at most version <1.5> allowed


pdfTeX warning: pdflatex (file ./question 1c lite.pdf): PDF inclusion: found PDF version <1.7>, but at most version <1.5> allowed
<question 1c lite.pdf, id=42, page=1, 614.295pt x 794.97pt>
File: question 1c lite.pdf Graphic file (type pdf)
<use question 1c lite.pdf, page 1>
Package pdftex.def Info: question 1c lite.pdf , page1 used on input line 62.
(pdftex.def)             Requested size: 614.29349pt x 794.96806pt.
File: question 1c lite.pdf Graphic file (type pdf)
<use question 1c lite.pdf, page 1>
Package pdftex.def Info: question 1c lite.pdf , page1 used on input line 62.
(pdftex.def)             Requested size: 597.78697pt x 773.60669pt.
File: question 1c lite.pdf Graphic file (type pdf)
<use question 1c lite.pdf, page 1>
Package pdftex.def Info: question 1c lite.pdf , page1 used on input line 62.
(pdftex.def)             Requested size: 597.78697pt x 773.60669pt.
File: question 1c lite.pdf Graphic file (type pdf)
<use question 1c lite.pdf, page 1>
Package pdftex.def Info: question 1c lite.pdf , page1 used on input line 62.
(pdftex.def)             Requested size: 597.78697pt x 773.60669pt.
File: question 1c lite.pdf Graphic file (type pdf)
<use question 1c lite.pdf, page 1>
Package pdftex.def Info: question 1c lite.pdf , page1 used on input line 62.
(pdftex.def)             Requested size: 597.78697pt x 773.60669pt.
[6

 <./question 1c lite.pdf>]

pdfTeX warning: pdflatex (file ./question 1c lite.pdf): PDF inclusion: found PDF version <1.7>, but at most version <1.5> allowed
<question 1c lite.pdf, id=49, page=2, 614.295pt x 794.97pt>
File: question 1c lite.pdf Graphic file (type pdf)
<use question 1c lite.pdf, page 2>
Package pdftex.def Info: question 1c lite.pdf , page2 used on input line 62.
(pdftex.def)             Requested size: 597.78697pt x 773.60669pt.
File: question 1c lite.pdf Graphic file (type pdf)
<use question 1c lite.pdf, page 2>
Package pdftex.def Info: question 1c lite.pdf , page2 used on input line 62.
(pdftex.def)             Requested size: 597.78697pt x 773.60669pt.
File: question 1c lite.pdf Graphic file (type pdf)
<use question 1c lite.pdf, page 2>
Package pdftex.def Info: question 1c lite.pdf , page2 used on input line 62.
(pdftex.def)             Requested size: 597.78697pt x 773.60669pt.
[7

 <./question 1c lite.pdf>]

pdfTeX warning: pdflatex (file ./question 1c lite.pdf): PDF inclusion: found PDF version <1.7>, but at most version <1.5> allowed
<question 1c lite.pdf, id=54, page=3, 614.295pt x 794.97pt>
File: question 1c lite.pdf Graphic file (type pdf)
<use question 1c lite.pdf, page 3>
Package pdftex.def Info: question 1c lite.pdf , page3 used on input line 62.
(pdftex.def)             Requested size: 597.78697pt x 773.60669pt.
File: question 1c lite.pdf Graphic file (type pdf)
<use question 1c lite.pdf, page 3>
Package pdftex.def Info: question 1c lite.pdf , page3 used on input line 62.
(pdftex.def)             Requested size: 597.78697pt x 773.60669pt.
File: question 1c lite.pdf Graphic file (type pdf)
<use question 1c lite.pdf, page 3>
Package pdftex.def Info: question 1c lite.pdf , page3 used on input line 62.
(pdftex.def)             Requested size: 597.78697pt x 773.60669pt.
[8

 <./question 1c lite.pdf>]

pdfTeX warning: pdflatex (file ./question 1c lite.pdf): PDF inclusion: found PDF version <1.7>, but at most version <1.5> allowed
<question 1c lite.pdf, id=59, page=4, 614.295pt x 794.97pt>
File: question 1c lite.pdf Graphic file (type pdf)
<use question 1c lite.pdf, page 4>
Package pdftex.def Info: question 1c lite.pdf , page4 used on input line 62.
(pdftex.def)             Requested size: 597.78697pt x 773.60669pt.
File: question 1c lite.pdf Graphic file (type pdf)
<use question 1c lite.pdf, page 4>
Package pdftex.def Info: question 1c lite.pdf , page4 used on input line 62.
(pdftex.def)             Requested size: 597.78697pt x 773.60669pt.
File: question 1c lite.pdf Graphic file (type pdf)
<use question 1c lite.pdf, page 4>
Package pdftex.def Info: question 1c lite.pdf , page4 used on input line 62.
(pdftex.def)             Requested size: 597.78697pt x 773.60669pt.
[9

 <./question 1c lite.pdf>]

pdfTeX warning: pdflatex (file ./question 1e lite.pdf): PDF inclusion: found PDF version <1.7>, but at most version <1.5> allowed
<question 1e lite.pdf, id=64, 614.295pt x 794.97pt>
File: question 1e lite.pdf Graphic file (type pdf)
<use question 1e lite.pdf>
Package pdftex.def Info: question 1e lite.pdf  used on input line 63.
(pdftex.def)             Requested size: 614.29349pt x 794.96806pt.


pdfTeX warning: pdflatex (file ./question 1e lite.pdf): PDF inclusion: found PDF version <1.7>, but at most version <1.5> allowed
File: question 1e lite.pdf Graphic file (type pdf)
<use question 1e lite.pdf>
Package pdftex.def Info: question 1e lite.pdf  used on input line 63.
(pdftex.def)             Requested size: 614.29349pt x 794.96806pt.


pdfTeX warning: pdflatex (file ./question 1e lite.pdf): PDF inclusion: found PDF version <1.7>, but at most version <1.5> allowed


pdfTeX warning: pdflatex (file ./question 1e lite.pdf): PDF inclusion: found PDF version <1.7>, but at most version <1.5> allowed
<question 1e lite.pdf, id=67, page=1, 614.295pt x 794.97pt>
File: question 1e lite.pdf Graphic file (type pdf)
<use question 1e lite.pdf, page 1>
Package pdftex.def Info: question 1e lite.pdf , page1 used on input line 63.
(pdftex.def)             Requested size: 614.29349pt x 794.96806pt.
File: question 1e lite.pdf Graphic file (type pdf)
<use question 1e lite.pdf, page 1>
Package pdftex.def Info: question 1e lite.pdf , page1 used on input line 63.
(pdftex.def)             Requested size: 597.78697pt x 773.60669pt.
File: question 1e lite.pdf Graphic file (type pdf)
<use question 1e lite.pdf, page 1>
Package pdftex.def Info: question 1e lite.pdf , page1 used on input line 63.
(pdftex.def)             Requested size: 597.78697pt x 773.60669pt.
File: question 1e lite.pdf Graphic file (type pdf)
<use question 1e lite.pdf, page 1>
Package pdftex.def Info: question 1e lite.pdf , page1 used on input line 63.
(pdftex.def)             Requested size: 597.78697pt x 773.60669pt.
File: question 1e lite.pdf Graphic file (type pdf)
<use question 1e lite.pdf, page 1>
Package pdftex.def Info: question 1e lite.pdf , page1 used on input line 63.
(pdftex.def)             Requested size: 597.78697pt x 773.60669pt.
[10

 <./question 1e lite.pdf>]

pdfTeX warning: pdflatex (file ./question 1e lite.pdf): PDF inclusion: found PDF version <1.7>, but at most version <1.5> allowed
<question 1e lite.pdf, id=72, page=2, 614.295pt x 794.97pt>
File: question 1e lite.pdf Graphic file (type pdf)
<use question 1e lite.pdf, page 2>
Package pdftex.def Info: question 1e lite.pdf , page2 used on input line 63.
(pdftex.def)             Requested size: 597.78697pt x 773.60669pt.
File: question 1e lite.pdf Graphic file (type pdf)
<use question 1e lite.pdf, page 2>
Package pdftex.def Info: question 1e lite.pdf , page2 used on input line 63.
(pdftex.def)             Requested size: 597.78697pt x 773.60669pt.
File: question 1e lite.pdf Graphic file (type pdf)
<use question 1e lite.pdf, page 2>
Package pdftex.def Info: question 1e lite.pdf , page2 used on input line 63.
(pdftex.def)             Requested size: 597.78697pt x 773.60669pt.
[11

 <./question 1e lite.pdf>]

pdfTeX warning: pdflatex (file ./question 1e lite.pdf): PDF inclusion: found PDF version <1.7>, but at most version <1.5> allowed
<question 1e lite.pdf, id=79, page=3, 614.295pt x 794.97pt>
File: question 1e lite.pdf Graphic file (type pdf)
<use question 1e lite.pdf, page 3>
Package pdftex.def Info: question 1e lite.pdf , page3 used on input line 63.
(pdftex.def)             Requested size: 597.78697pt x 773.60669pt.
File: question 1e lite.pdf Graphic file (type pdf)
<use question 1e lite.pdf, page 3>
Package pdftex.def Info: question 1e lite.pdf , page3 used on input line 63.
(pdftex.def)             Requested size: 597.78697pt x 773.60669pt.
File: question 1e lite.pdf Graphic file (type pdf)
<use question 1e lite.pdf, page 3>
Package pdftex.def Info: question 1e lite.pdf , page3 used on input line 63.
(pdftex.def)             Requested size: 597.78697pt x 773.60669pt.
[12

 <./question 1e lite.pdf>]

pdfTeX warning: pdflatex (file ./question 1e lite.pdf): PDF inclusion: found PDF version <1.7>, but at most version <1.5> allowed
<question 1e lite.pdf, id=84, page=4, 614.295pt x 794.97pt>
File: question 1e lite.pdf Graphic file (type pdf)
<use question 1e lite.pdf, page 4>
Package pdftex.def Info: question 1e lite.pdf , page4 used on input line 63.
(pdftex.def)             Requested size: 597.78697pt x 773.60669pt.
File: question 1e lite.pdf Graphic file (type pdf)
<use question 1e lite.pdf, page 4>
Package pdftex.def Info: question 1e lite.pdf , page4 used on input line 63.
(pdftex.def)             Requested size: 597.78697pt x 773.60669pt.
File: question 1e lite.pdf Graphic file (type pdf)
<use question 1e lite.pdf, page 4>
Package pdftex.def Info: question 1e lite.pdf , page4 used on input line 63.
(pdftex.def)             Requested size: 597.78697pt x 773.60669pt.
[13

 <./question 1e lite.pdf>]

pdfTeX warning: pdflatex (file ./question 1g lite.pdf): PDF inclusion: found PDF version <1.7>, but at most version <1.5> allowed
<question 1g lite.pdf, id=88, 614.295pt x 794.97pt>
File: question 1g lite.pdf Graphic file (type pdf)
<use question 1g lite.pdf>
Package pdftex.def Info: question 1g lite.pdf  used on input line 64.
(pdftex.def)             Requested size: 614.29349pt x 794.96806pt.


pdfTeX warning: pdflatex (file ./question 1g lite.pdf): PDF inclusion: found PDF version <1.7>, but at most version <1.5> allowed
File: question 1g lite.pdf Graphic file (type pdf)
<use question 1g lite.pdf>
Package pdftex.def Info: question 1g lite.pdf  used on input line 64.
(pdftex.def)             Requested size: 614.29349pt x 794.96806pt.


pdfTeX warning: pdflatex (file ./question 1g lite.pdf): PDF inclusion: found PDF version <1.7>, but at most version <1.5> allowed


pdfTeX warning: pdflatex (file ./question 1g lite.pdf): PDF inclusion: found PDF version <1.7>, but at most version <1.5> allowed
<question 1g lite.pdf, id=91, page=1, 614.295pt x 794.97pt>
File: question 1g lite.pdf Graphic file (type pdf)
<use question 1g lite.pdf, page 1>
Package pdftex.def Info: question 1g lite.pdf , page1 used on input line 64.
(pdftex.def)             Requested size: 614.29349pt x 794.96806pt.
File: question 1g lite.pdf Graphic file (type pdf)
<use question 1g lite.pdf, page 1>
Package pdftex.def Info: question 1g lite.pdf , page1 used on input line 64.
(pdftex.def)             Requested size: 597.78697pt x 773.60669pt.
File: question 1g lite.pdf Graphic file (type pdf)
<use question 1g lite.pdf, page 1>
Package pdftex.def Info: question 1g lite.pdf , page1 used on input line 64.
(pdftex.def)             Requested size: 597.78697pt x 773.60669pt.
File: question 1g lite.pdf Graphic file (type pdf)
<use question 1g lite.pdf, page 1>
Package pdftex.def Info: question 1g lite.pdf , page1 used on input line 64.
(pdftex.def)             Requested size: 597.78697pt x 773.60669pt.
File: question 1g lite.pdf Graphic file (type pdf)
<use question 1g lite.pdf, page 1>
Package pdftex.def Info: question 1g lite.pdf , page1 used on input line 64.
(pdftex.def)             Requested size: 597.78697pt x 773.60669pt.
[14

 <./question 1g lite.pdf>]

pdfTeX warning: pdflatex (file ./question 1g lite.pdf): PDF inclusion: found PDF version <1.7>, but at most version <1.5> allowed
<question 1g lite.pdf, id=96, page=2, 614.295pt x 794.97pt>
File: question 1g lite.pdf Graphic file (type pdf)
<use question 1g lite.pdf, page 2>
Package pdftex.def Info: question 1g lite.pdf , page2 used on input line 64.
(pdftex.def)             Requested size: 597.78697pt x 773.60669pt.
File: question 1g lite.pdf Graphic file (type pdf)
<use question 1g lite.pdf, page 2>
Package pdftex.def Info: question 1g lite.pdf , page2 used on input line 64.
(pdftex.def)             Requested size: 597.78697pt x 773.60669pt.
File: question 1g lite.pdf Graphic file (type pdf)
<use question 1g lite.pdf, page 2>
Package pdftex.def Info: question 1g lite.pdf , page2 used on input line 64.
(pdftex.def)             Requested size: 597.78697pt x 773.60669pt.
[15

 <./question 1g lite.pdf>]

pdfTeX warning: pdflatex (file ./question 1g lite.pdf): PDF inclusion: found PDF version <1.7>, but at most version <1.5> allowed
<question 1g lite.pdf, id=100, page=3, 614.295pt x 794.97pt>
File: question 1g lite.pdf Graphic file (type pdf)
<use question 1g lite.pdf, page 3>
Package pdftex.def Info: question 1g lite.pdf , page3 used on input line 64.
(pdftex.def)             Requested size: 597.78697pt x 773.60669pt.
File: question 1g lite.pdf Graphic file (type pdf)
<use question 1g lite.pdf, page 3>
Package pdftex.def Info: question 1g lite.pdf , page3 used on input line 64.
(pdftex.def)             Requested size: 597.78697pt x 773.60669pt.
File: question 1g lite.pdf Graphic file (type pdf)
<use question 1g lite.pdf, page 3>
Package pdftex.def Info: question 1g lite.pdf , page3 used on input line 64.
(pdftex.def)             Requested size: 597.78697pt x 773.60669pt.
[16

 <./question 1g lite.pdf>]

pdfTeX warning: pdflatex (file ./question 1g lite.pdf): PDF inclusion: found PDF version <1.7>, but at most version <1.5> allowed
<question 1g lite.pdf, id=104, page=4, 614.295pt x 794.97pt>
File: question 1g lite.pdf Graphic file (type pdf)
<use question 1g lite.pdf, page 4>
Package pdftex.def Info: question 1g lite.pdf , page4 used on input line 64.
(pdftex.def)             Requested size: 597.78697pt x 773.60669pt.
File: question 1g lite.pdf Graphic file (type pdf)
<use question 1g lite.pdf, page 4>
Package pdftex.def Info: question 1g lite.pdf , page4 used on input line 64.
(pdftex.def)             Requested size: 597.78697pt x 773.60669pt.
File: question 1g lite.pdf Graphic file (type pdf)
<use question 1g lite.pdf, page 4>
Package pdftex.def Info: question 1g lite.pdf , page4 used on input line 64.
(pdftex.def)             Requested size: 597.78697pt x 773.60669pt.
[17

 <./question 1g lite.pdf>]

pdfTeX warning: pdflatex (file ./question 1g lite.pdf): PDF inclusion: found PDF version <1.7>, but at most version <1.5> allowed
<question 1g lite.pdf, id=108, page=5, 614.295pt x 794.97pt>
File: question 1g lite.pdf Graphic file (type pdf)
<use question 1g lite.pdf, page 5>
Package pdftex.def Info: question 1g lite.pdf , page5 used on input line 64.
(pdftex.def)             Requested size: 597.78697pt x 773.60669pt.
File: question 1g lite.pdf Graphic file (type pdf)
<use question 1g lite.pdf, page 5>
Package pdftex.def Info: question 1g lite.pdf , page5 used on input line 64.
(pdftex.def)             Requested size: 597.78697pt x 773.60669pt.
File: question 1g lite.pdf Graphic file (type pdf)
<use question 1g lite.pdf, page 5>
Package pdftex.def Info: question 1g lite.pdf , page5 used on input line 64.
(pdftex.def)             Requested size: 597.78697pt x 773.60669pt.
[18

 <./question 1g lite.pdf>]

pdfTeX warning: pdflatex (file ./question 1g lite.pdf): PDF inclusion: found PDF version <1.7>, but at most version <1.5> allowed
<question 1g lite.pdf, id=113, page=6, 614.295pt x 794.97pt>
File: question 1g lite.pdf Graphic file (type pdf)
<use question 1g lite.pdf, page 6>
Package pdftex.def Info: question 1g lite.pdf , page6 used on input line 64.
(pdftex.def)             Requested size: 597.78697pt x 773.60669pt.
File: question 1g lite.pdf Graphic file (type pdf)
<use question 1g lite.pdf, page 6>
Package pdftex.def Info: question 1g lite.pdf , page6 used on input line 64.
(pdftex.def)             Requested size: 597.78697pt x 773.60669pt.
File: question 1g lite.pdf Graphic file (type pdf)
<use question 1g lite.pdf, page 6>
Package pdftex.def Info: question 1g lite.pdf , page6 used on input line 64.
(pdftex.def)             Requested size: 597.78697pt x 773.60669pt.
[19

 <./question 1g lite.pdf>]
<Question b and d.pdf, id=118, 582.175pt x 722.7pt>
File: Question b and d.pdf Graphic file (type pdf)
<use Question b and d.pdf>
Package pdftex.def Info: Question b and d.pdf  used on input line 65.
(pdftex.def)             Requested size: 582.17358pt x 722.69823pt.
File: Question b and d.pdf Graphic file (type pdf)
<use Question b and d.pdf>
Package pdftex.def Info: Question b and d.pdf  used on input line 65.
(pdftex.def)             Requested size: 582.17358pt x 722.69823pt.
<Question b and d.pdf, id=121, page=1, 582.175pt x 722.7pt>
File: Question b and d.pdf Graphic file (type pdf)
<use Question b and d.pdf, page 1>
Package pdftex.def Info: Question b and d.pdf , page1 used on input line 65.
(pdftex.def)             Requested size: 582.17358pt x 722.69823pt.
File: Question b and d.pdf Graphic file (type pdf)
<use Question b and d.pdf, page 1>
Package pdftex.def Info: Question b and d.pdf , page1 used on input line 65.
(pdftex.def)             Requested size: 597.68376pt x 741.95224pt.
File: Question b and d.pdf Graphic file (type pdf)
<use Question b and d.pdf, page 1>
Package pdftex.def Info: Question b and d.pdf , page1 used on input line 65.
(pdftex.def)             Requested size: 597.68376pt x 741.95224pt.
File: Question b and d.pdf Graphic file (type pdf)
<use Question b and d.pdf, page 1>
Package pdftex.def Info: Question b and d.pdf , page1 used on input line 65.
(pdftex.def)             Requested size: 597.68376pt x 741.95224pt.
File: Question b and d.pdf Graphic file (type pdf)
<use Question b and d.pdf, page 1>
Package pdftex.def Info: Question b and d.pdf , page1 used on input line 65.
(pdftex.def)             Requested size: 597.68376pt x 741.95224pt.
 [20

 <./Question b and d.pdf>]
<Question b and d.pdf, id=126, page=2, 571.13374pt x 722.7pt>
File: Question b and d.pdf Graphic file (type pdf)
<use Question b and d.pdf, page 2>
Package pdftex.def Info: Question b and d.pdf , page2 used on input line 65.
(pdftex.def)             Requested size: 586.34837pt x 741.95224pt.
File: Question b and d.pdf Graphic file (type pdf)
<use Question b and d.pdf, page 2>
Package pdftex.def Info: Question b and d.pdf , page2 used on input line 65.
(pdftex.def)             Requested size: 586.34837pt x 741.95224pt.
File: Question b and d.pdf Graphic file (type pdf)
<use Question b and d.pdf, page 2>
Package pdftex.def Info: Question b and d.pdf , page2 used on input line 65.
(pdftex.def)             Requested size: 586.34837pt x 741.95224pt.
 [21

 <./Question b and d.pdf>]
<Question b and d.pdf, id=131, page=3, 722.7pt x 196.735pt>
File: Question b and d.pdf Graphic file (type pdf)
<use Question b and d.pdf, page 3>
Package pdftex.def Info: Question b and d.pdf , page3 used on input line 65.
(pdftex.def)             Requested size: 741.95224pt x 201.97586pt.
File: Question b and d.pdf Graphic file (type pdf)
<use Question b and d.pdf, page 3>
Package pdftex.def Info: Question b and d.pdf , page3 used on input line 65.
(pdftex.def)             Requested size: 741.95224pt x 201.97586pt.
File: Question b and d.pdf Graphic file (type pdf)
<use Question b and d.pdf, page 3>
Package pdftex.def Info: Question b and d.pdf , page3 used on input line 65.
(pdftex.def)             Requested size: 741.95224pt x 201.97586pt.
 [22

 <./Question b and d.pdf>]
<Question f 0 and 1.pdf, id=136, 722.7pt x 340.27126pt>
File: Question f 0 and 1.pdf Graphic file (type pdf)
<use Question f 0 and 1.pdf>
Package pdftex.def Info: Question f 0 and 1.pdf  used on input line 66.
(pdftex.def)             Requested size: 722.69823pt x 340.27042pt.
File: Question f 0 and 1.pdf Graphic file (type pdf)
<use Question f 0 and 1.pdf>
Package pdftex.def Info: Question f 0 and 1.pdf  used on input line 66.
(pdftex.def)             Requested size: 722.69823pt x 340.27042pt.
<Question f 0 and 1.pdf, id=139, page=1, 722.7pt x 340.27126pt>
File: Question f 0 and 1.pdf Graphic file (type pdf)
<use Question f 0 and 1.pdf, page 1>
Package pdftex.def Info: Question f 0 and 1.pdf , page1 used on input line 66.
(pdftex.def)             Requested size: 722.69823pt x 340.27042pt.
File: Question f 0 and 1.pdf Graphic file (type pdf)
<use Question f 0 and 1.pdf, page 1>
Package pdftex.def Info: Question f 0 and 1.pdf , page1 used on input line 66.
(pdftex.def)             Requested size: 598.07645pt x 281.59433pt.
File: Question f 0 and 1.pdf Graphic file (type pdf)
<use Question f 0 and 1.pdf, page 1>
Package pdftex.def Info: Question f 0 and 1.pdf , page1 used on input line 66.
(pdftex.def)             Requested size: 598.07645pt x 281.59433pt.
File: Question f 0 and 1.pdf Graphic file (type pdf)
<use Question f 0 and 1.pdf, page 1>
Package pdftex.def Info: Question f 0 and 1.pdf , page1 used on input line 66.
(pdftex.def)             Requested size: 598.07645pt x 281.59433pt.
File: Question f 0 and 1.pdf Graphic file (type pdf)
<use Question f 0 and 1.pdf, page 1>
Package pdftex.def Info: Question f 0 and 1.pdf , page1 used on input line 66.
(pdftex.def)             Requested size: 598.07645pt x 281.59433pt.
 [23

 <./Question f 0 and 1.pdf>]
<Question f 0 and 1.pdf, id=144, page=2, 722.7pt x 664.4825pt>
File: Question f 0 and 1.pdf Graphic file (type pdf)
<use Question f 0 and 1.pdf, page 2>
Package pdftex.def Info: Question f 0 and 1.pdf , page2 used on input line 66.
(pdftex.def)             Requested size: 598.07645pt x 549.89806pt.
File: Question f 0 and 1.pdf Graphic file (type pdf)
<use Question f 0 and 1.pdf, page 2>
Package pdftex.def Info: Question f 0 and 1.pdf , page2 used on input line 66.
(pdftex.def)             Requested size: 598.07645pt x 549.89806pt.
File: Question f 0 and 1.pdf Graphic file (type pdf)
<use Question f 0 and 1.pdf, page 2>
Package pdftex.def Info: Question f 0 and 1.pdf , page2 used on input line 66.
(pdftex.def)             Requested size: 598.07645pt x 549.89806pt.
 [24

 <./Question f 0 and 1.pdf>]
<Question f 0.5.pdf, id=150, 794.97pt x 614.295pt>
File: Question f 0.5.pdf Graphic file (type pdf)
<use Question f 0.5.pdf>
Package pdftex.def Info: Question f 0.5.pdf  used on input line 67.
(pdftex.def)             Requested size: 794.96806pt x 614.29349pt.
File: Question f 0.5.pdf Graphic file (type pdf)
<use Question f 0.5.pdf>
Package pdftex.def Info: Question f 0.5.pdf  used on input line 67.
(pdftex.def)             Requested size: 794.96806pt x 614.29349pt.
<Question f 0.5.pdf, id=153, page=1, 794.97pt x 614.295pt>
File: Question f 0.5.pdf Graphic file (type pdf)
<use Question f 0.5.pdf, page 1>
Package pdftex.def Info: Question f 0.5.pdf , page1 used on input line 67.
(pdftex.def)             Requested size: 794.96806pt x 614.29349pt.
File: Question f 0.5.pdf Graphic file (type pdf)
<use Question f 0.5.pdf, page 1>
Package pdftex.def Info: Question f 0.5.pdf , page1 used on input line 67.
(pdftex.def)             Requested size: 598.22752pt x 462.26671pt.
File: Question f 0.5.pdf Graphic file (type pdf)
<use Question f 0.5.pdf, page 1>
Package pdftex.def Info: Question f 0.5.pdf , page1 used on input line 67.
(pdftex.def)             Requested size: 598.22752pt x 462.26671pt.
File: Question f 0.5.pdf Graphic file (type pdf)
<use Question f 0.5.pdf, page 1>
Package pdftex.def Info: Question f 0.5.pdf , page1 used on input line 67.
(pdftex.def)             Requested size: 598.22752pt x 462.26671pt.
File: Question f 0.5.pdf Graphic file (type pdf)
<use Question f 0.5.pdf, page 1>
Package pdftex.def Info: Question f 0.5.pdf , page1 used on input line 67.
(pdftex.def)             Requested size: 598.22752pt x 462.26671pt.
 [25

 <./Question f 0.5.pdf>] (page_titre.aux) ) 
Here is how much of TeX's memory you used:
 3922 strings out of 475385
 67017 string characters out of 2776907
 415042 words of memory out of 3000000
 25260 multiletter control sequences out of 15000+600000
 473544 words of font info for 42 fonts, out of 8000000 for 9000
 1141 hyphenation exceptions out of 8191
 66i,17n,75p,337b,427s stack positions out of 10000i,1000n,20000p,200000b,80000s
 <C:\Users\kamal\AppData\Local\MiKTeX\fonts/pk/ljfour/jknappen/ec/dpi600\tcrm1200.pk><C:/Users/kamal/AppData/Local/Programs/MiKTeX/fonts/type1/public/amsfonts/cm/cmbx12.pfb><C:/Users/kamal/AppData/Local/Programs/MiKTeX/fonts/type1/public/amsfonts/cm/cmmi12.pfb><C:/Users/kamal/AppData/Local/Programs/MiKTeX/fonts/type1/public/amsfonts/cm/cmr12.pfb><C:/Users/kamal/AppData/Local/Programs/MiKTeX/fonts/type1/public/amsfonts/cm/cmr17.pfb>
Output written on page_titre.pdf (26 pages, 6271305 bytes).
PDF statistics:
 185 PDF objects out of 1000 (max. 8388607)
 0 named destinations out of 1000 (max. 500000)
 231 words of extra memory for PDF output out of 10000 (max. 10000000)

